\BOOKMARK [0][-]{chapter.1}{\376\377\000S\000u\000m\000m\000a\000r\000y\000\040\000o\000f\000\040\000t\000h\000e\000\040\000F\000u\000n\000c\000t\000i\000o\000n\000a\000l\000i\000t\000i\000e\000s}{}% 1
\BOOKMARK [0][-]{chapter.2}{\376\377\000L\000i\000n\000k\000\040\000t\000o\000\040\000t\000h\000e\000\040\000M\000a\000t\000l\000a\000b\000\040\000V\000e\000r\000s\000i\000o\000n}{}% 2
\BOOKMARK [0][-]{chapter.3}{\376\377\000R\000e\000f\000e\000r\000e\000n\000c\000e\000s}{}% 3
\BOOKMARK [0][-]{chapter.4}{\376\377\000A\000P\000I\000\040\000d\000o\000c\000u\000m\000e\000n\000t\000a\000t\000i\000o\000n}{}% 4
\BOOKMARK [1][-]{section.4.1}{\376\377\000n\000i\000r\000f\000a\000s\000t\000e\000r\000f\000f}{chapter.4}% 5
\BOOKMARK [2][-]{subsection.4.1.1}{\376\377\000n\000i\000r\000f\000a\000s\000t\000e\000r\000f\000f\000.\000b\000a\000s\000e}{section.4.1}% 6
\BOOKMARK [3][-]{subsubsection*.3}{\376\377\000n\000i\000r\000f\000a\000s\000t\000e\000r\000f\000f\000.\000b\000a\000s\000e\000.\000d\000a\000t\000a}{subsection.4.1.1}% 7
\BOOKMARK [4][-]{paragraph*.4}{\376\377\000n\000i\000r\000f\000a\000s\000t\000e\000r\000f\000f\000.\000b\000a\000s\000e\000.\000d\000a\000t\000a\000.\000D\000C\000S\000d\000a\000t\000a}{subsubsection*.3}% 8
\BOOKMARK [4][-]{paragraph*.18}{\376\377\000n\000i\000r\000f\000a\000s\000t\000e\000r\000f\000f\000.\000b\000a\000s\000e\000.\000d\000a\000t\000a\000.\000F\000D\000d\000a\000t\000a}{subsubsection*.3}% 9
\BOOKMARK [4][-]{paragraph*.30}{\376\377\000n\000i\000r\000f\000a\000s\000t\000e\000r\000f\000f\000.\000b\000a\000s\000e\000.\000d\000a\000t\000a\000.\000F\000L\000d\000a\000t\000a}{subsubsection*.3}% 10
\BOOKMARK [4][-]{paragraph*.50}{\376\377\000n\000i\000r\000f\000a\000s\000t\000e\000r\000f\000f\000.\000b\000a\000s\000e\000.\000d\000a\000t\000a\000.\000T\000P\000S\000F\000d\000a\000t\000a}{subsubsection*.3}% 11
\BOOKMARK [4][-]{paragraph*.61}{\376\377\000n\000i\000r\000f\000a\000s\000t\000e\000r\000f\000f\000.\000b\000a\000s\000e\000.\000d\000a\000t\000a\000.\000T\000R\000M\000o\000m\000e\000n\000t\000s\000d\000a\000t\000a}{subsubsection*.3}% 12
\BOOKMARK [4][-]{paragraph*.71}{\376\377\000n\000i\000r\000f\000a\000s\000t\000e\000r\000f\000f\000.\000b\000a\000s\000e\000.\000d\000a\000t\000a\000.\000f\000l\000T\000P\000S\000F\000d\000a\000t\000a}{subsubsection*.3}% 13
\BOOKMARK [4][-]{paragraph*.83}{\376\377\000n\000i\000r\000f\000a\000s\000t\000e\000r\000f\000f\000.\000b\000a\000s\000e\000.\000d\000a\000t\000a\000.\000f\000l\000T\000R\000M\000o\000m\000e\000n\000t\000s\000d\000a\000t\000a}{subsubsection*.3}% 14
\BOOKMARK [4][-]{paragraph*.95}{\376\377\000n\000i\000r\000f\000a\000s\000t\000e\000r\000f\000f\000.\000b\000a\000s\000e\000.\000d\000a\000t\000a\000.\000m\000e\000s\000h\000v\000o\000l}{subsubsection*.3}% 15
\BOOKMARK [3][-]{subsubsection*.107}{\376\377\000n\000i\000r\000f\000a\000s\000t\000e\000r\000f\000f\000.\000b\000a\000s\000e\000.\000d\000c\000s\000\137\000m\000e\000s\000h}{subsection.4.1.1}% 16
\BOOKMARK [4][-]{paragraph*.108}{\376\377\000n\000i\000r\000f\000a\000s\000t\000e\000r\000f\000f\000.\000b\000a\000s\000e\000.\000d\000c\000s\000\137\000m\000e\000s\000h\000.\000d\000c\000s\000m\000e\000s\000h}{subsubsection*.107}% 17
\BOOKMARK [3][-]{subsubsection*.152}{\376\377\000n\000i\000r\000f\000a\000s\000t\000e\000r\000f\000f\000.\000b\000a\000s\000e\000.\000f\000l\000u\000o\000r\000\137\000m\000e\000s\000h}{subsection.4.1.1}% 18
\BOOKMARK [4][-]{paragraph*.153}{\376\377\000n\000i\000r\000f\000a\000s\000t\000e\000r\000f\000f\000.\000b\000a\000s\000e\000.\000f\000l\000u\000o\000r\000\137\000m\000e\000s\000h\000.\000f\000l\000u\000o\000r\000m\000e\000s\000h}{subsubsection*.152}% 19
\BOOKMARK [3][-]{subsubsection*.201}{\376\377\000n\000i\000r\000f\000a\000s\000t\000e\000r\000f\000f\000.\000b\000a\000s\000e\000.\000m\000e\000s\000h}{subsection.4.1.1}% 20
\BOOKMARK [4][-]{paragraph*.202}{\376\377\000n\000i\000r\000f\000a\000s\000t\000e\000r\000f\000f\000.\000b\000a\000s\000e\000.\000m\000e\000s\000h\000.\000m\000e\000s\000h}{subsubsection*.201}% 21
\BOOKMARK [5][-]{subparagraph*.204}{\376\377\000A\000t\000t\000r\000i\000b\000u\000t\000e\000s\000:}{paragraph*.202}% 22
\BOOKMARK [3][-]{subsubsection*.213}{\376\377\000n\000i\000r\000f\000a\000s\000t\000e\000r\000f\000f\000.\000b\000a\000s\000e\000.\000o\000p\000t\000o\000d\000e\000s}{subsection.4.1.1}% 23
\BOOKMARK [4][-]{paragraph*.214}{\376\377\000n\000i\000r\000f\000a\000s\000t\000e\000r\000f\000f\000.\000b\000a\000s\000e\000.\000o\000p\000t\000o\000d\000e\000s\000.\000o\000p\000t\000o\000d\000e}{subsubsection*.213}% 24
\BOOKMARK [3][-]{subsubsection*.225}{\376\377\000n\000i\000r\000f\000a\000s\000t\000e\000r\000f\000f\000.\000b\000a\000s\000e\000.\000s\000t\000n\000d\000\137\000m\000e\000s\000h}{subsection.4.1.1}% 25
\BOOKMARK [4][-]{paragraph*.226}{\376\377\000n\000i\000r\000f\000a\000s\000t\000e\000r\000f\000f\000.\000b\000a\000s\000e\000.\000s\000t\000n\000d\000\137\000m\000e\000s\000h\000.\000s\000t\000n\000d\000m\000e\000s\000h}{subsubsection*.225}% 26
\BOOKMARK [2][-]{subsection.4.1.2}{\376\377\000n\000i\000r\000f\000a\000s\000t\000e\000r\000f\000f\000.\000f\000o\000r\000w\000a\000r\000d}{section.4.1}% 27
\BOOKMARK [3][-]{subsubsection*.268}{\376\377\000n\000i\000r\000f\000a\000s\000t\000e\000r\000f\000f\000.\000f\000o\000r\000w\000a\000r\000d\000.\000a\000n\000a\000l\000y\000t\000i\000c\000a\000l}{subsection.4.1.2}% 28
\BOOKMARK [4][-]{paragraph*.269}{\376\377\000n\000i\000r\000f\000a\000s\000t\000e\000r\000f\000f\000.\000f\000o\000r\000w\000a\000r\000d\000.\000a\000n\000a\000l\000y\000t\000i\000c\000a\000l\000.\000s\000e\000m\000i\000\137\000i\000n\000f\000i\000n\000i\000t\000e\000\137\000C\000W}{subsubsection*.268}% 29
\BOOKMARK [4][-]{paragraph*.271}{\376\377\000n\000i\000r\000f\000a\000s\000t\000e\000r\000f\000f\000.\000f\000o\000r\000w\000a\000r\000d\000.\000a\000n\000a\000l\000y\000t\000i\000c\000a\000l\000.\000s\000e\000m\000i\000\137\000i\000n\000f\000i\000n\000i\000t\000e\000\137\000D\000C\000S}{subsubsection*.268}% 30
\BOOKMARK [4][-]{paragraph*.273}{\376\377\000n\000i\000r\000f\000a\000s\000t\000e\000r\000f\000f\000.\000f\000o\000r\000w\000a\000r\000d\000.\000a\000n\000a\000l\000y\000t\000i\000c\000a\000l\000.\000s\000e\000m\000i\000\137\000i\000n\000f\000i\000n\000i\000t\000e\000\137\000F\000D}{subsubsection*.268}% 31
\BOOKMARK [4][-]{paragraph*.275}{\376\377\000n\000i\000r\000f\000a\000s\000t\000e\000r\000f\000f\000.\000f\000o\000r\000w\000a\000r\000d\000.\000a\000n\000a\000l\000y\000t\000i\000c\000a\000l\000.\000s\000e\000m\000i\000\137\000i\000n\000f\000i\000n\000i\000t\000e\000\137\000T\000R}{subsubsection*.268}% 32
\BOOKMARK [3][-]{subsubsection*.277}{\376\377\000n\000i\000r\000f\000a\000s\000t\000e\000r\000f\000f\000.\000f\000o\000r\000w\000a\000r\000d\000.\000f\000e\000m\000d\000a\000t\000a}{subsection.4.1.2}% 33
\BOOKMARK [4][-]{paragraph*.278}{\376\377\000n\000i\000r\000f\000a\000s\000t\000e\000r\000f\000f\000.\000f\000o\000r\000w\000a\000r\000d\000.\000f\000e\000m\000d\000a\000t\000a\000.\000f\000e\000m\000d\000a\000t\000a\000\137\000D\000C\000S}{subsubsection*.277}% 34
\BOOKMARK [4][-]{paragraph*.280}{\376\377\000n\000i\000r\000f\000a\000s\000t\000e\000r\000f\000f\000.\000f\000o\000r\000w\000a\000r\000d\000.\000f\000e\000m\000d\000a\000t\000a\000.\000f\000e\000m\000d\000a\000t\000a\000\137\000f\000l\000\137\000C\000W}{subsubsection*.277}% 35
\BOOKMARK [4][-]{paragraph*.282}{\376\377\000n\000i\000r\000f\000a\000s\000t\000e\000r\000f\000f\000.\000f\000o\000r\000w\000a\000r\000d\000.\000f\000e\000m\000d\000a\000t\000a\000.\000f\000e\000m\000d\000a\000t\000a\000\137\000f\000l\000\137\000F\000D}{subsubsection*.277}% 36
\BOOKMARK [4][-]{paragraph*.284}{\376\377\000n\000i\000r\000f\000a\000s\000t\000e\000r\000f\000f\000.\000f\000o\000r\000w\000a\000r\000d\000.\000f\000e\000m\000d\000a\000t\000a\000.\000f\000e\000m\000d\000a\000t\000a\000\137\000f\000l\000\137\000T\000R}{subsubsection*.277}% 37
\BOOKMARK [4][-]{paragraph*.286}{\376\377\000n\000i\000r\000f\000a\000s\000t\000e\000r\000f\000f\000.\000f\000o\000r\000w\000a\000r\000d\000.\000f\000e\000m\000d\000a\000t\000a\000.\000f\000e\000m\000d\000a\000t\000a\000\137\000f\000l\000\137\000T\000R\000\137\000m\000o\000m\000e\000n\000t\000s}{subsubsection*.277}% 38
\BOOKMARK [4][-]{paragraph*.288}{\376\377\000n\000i\000r\000f\000a\000s\000t\000e\000r\000f\000f\000.\000f\000o\000r\000w\000a\000r\000d\000.\000f\000e\000m\000d\000a\000t\000a\000.\000f\000e\000m\000d\000a\000t\000a\000\137\000s\000t\000n\000d\000\137\000C\000W}{subsubsection*.277}% 39
\BOOKMARK [4][-]{paragraph*.290}{\376\377\000n\000i\000r\000f\000a\000s\000t\000e\000r\000f\000f\000.\000f\000o\000r\000w\000a\000r\000d\000.\000f\000e\000m\000d\000a\000t\000a\000.\000f\000e\000m\000d\000a\000t\000a\000\137\000s\000t\000n\000d\000\137\000F\000D}{subsubsection*.277}% 40
\BOOKMARK [4][-]{paragraph*.292}{\376\377\000n\000i\000r\000f\000a\000s\000t\000e\000r\000f\000f\000.\000f\000o\000r\000w\000a\000r\000d\000.\000f\000e\000m\000d\000a\000t\000a\000.\000f\000e\000m\000d\000a\000t\000a\000\137\000s\000t\000n\000d\000\137\000T\000R}{subsubsection*.277}% 41
\BOOKMARK [4][-]{paragraph*.294}{\376\377\000n\000i\000r\000f\000a\000s\000t\000e\000r\000f\000f\000.\000f\000o\000r\000w\000a\000r\000d\000.\000f\000e\000m\000d\000a\000t\000a\000.\000f\000e\000m\000d\000a\000t\000a\000\137\000s\000t\000n\000d\000\137\000T\000R\000\137\000m\000o\000m\000e\000n\000t\000s}{subsubsection*.277}% 42
\BOOKMARK [2][-]{subsection.4.1.3}{\376\377\000n\000i\000r\000f\000a\000s\000t\000e\000r\000f\000f\000.\000i\000n\000v\000e\000r\000s\000e}{section.4.1}% 43
\BOOKMARK [3][-]{subsubsection*.296}{\376\377\000n\000i\000r\000f\000a\000s\000t\000e\000r\000f\000f\000.\000i\000n\000v\000e\000r\000s\000e\000.\000j\000a\000c\000o\000b\000i\000a\000n\000\137\000D\000C\000S}{subsection.4.1.3}% 44
\BOOKMARK [3][-]{subsubsection*.298}{\376\377\000n\000i\000r\000f\000a\000s\000t\000e\000r\000f\000f\000.\000i\000n\000v\000e\000r\000s\000e\000.\000j\000a\000c\000o\000b\000i\000a\000n\000\137\000f\000l\000\137\000C\000W}{subsection.4.1.3}% 45
\BOOKMARK [3][-]{subsubsection*.300}{\376\377\000n\000i\000r\000f\000a\000s\000t\000e\000r\000f\000f\000.\000i\000n\000v\000e\000r\000s\000e\000.\000j\000a\000c\000o\000b\000i\000a\000n\000\137\000f\000l\000\137\000F\000D}{subsection.4.1.3}% 46
\BOOKMARK [3][-]{subsubsection*.302}{\376\377\000n\000i\000r\000f\000a\000s\000t\000e\000r\000f\000f\000.\000i\000n\000v\000e\000r\000s\000e\000.\000j\000a\000c\000o\000b\000i\000a\000n\000\137\000s\000t\000n\000d\000\137\000C\000W}{subsection.4.1.3}% 47
\BOOKMARK [3][-]{subsubsection*.304}{\376\377\000n\000i\000r\000f\000a\000s\000t\000e\000r\000f\000f\000.\000i\000n\000v\000e\000r\000s\000e\000.\000j\000a\000c\000o\000b\000i\000a\000n\000\137\000s\000t\000n\000d\000\137\000F\000D}{subsection.4.1.3}% 48
\BOOKMARK [3][-]{subsubsection*.306}{\376\377\000n\000i\000r\000f\000a\000s\000t\000e\000r\000f\000f\000.\000i\000n\000v\000e\000r\000s\000e\000.\000t\000i\000k\000h\000o\000n\000o\000v}{subsection.4.1.3}% 49
\BOOKMARK [2][-]{subsection.4.1.4}{\376\377\000n\000i\000r\000f\000a\000s\000t\000e\000r\000f\000f\000.\000i\000o}{section.4.1}% 50
\BOOKMARK [3][-]{subsubsection*.308}{\376\377\000n\000i\000r\000f\000a\000s\000t\000e\000r\000f\000f\000.\000i\000o\000.\000r\000e\000a\000d\000M\000E\000D\000I\000T}{subsection.4.1.4}% 51
\BOOKMARK [3][-]{subsubsection*.310}{\376\377\000n\000i\000r\000f\000a\000s\000t\000e\000r\000f\000f\000.\000i\000o\000.\000s\000a\000v\000e\000i\000n\000r}{subsection.4.1.4}% 52
\BOOKMARK [2][-]{subsection.4.1.5}{\376\377\000n\000i\000r\000f\000a\000s\000t\000e\000r\000f\000f\000.\000l\000i\000b}{section.4.1}% 53
\BOOKMARK [3][-]{subsubsection*.312}{\376\377\000n\000i\000r\000f\000a\000s\000t\000e\000r\000f\000f\000.\000l\000i\000b\000.\000n\000i\000r\000f\000a\000s\000t\000e\000r\000f\000f\000\137\000c\000p\000u}{subsection.4.1.5}% 54
\BOOKMARK [4][-]{paragraph*.313}{\376\377\000n\000i\000r\000f\000a\000s\000t\000e\000r\000f\000f\000.\000l\000i\000b\000.\000n\000i\000r\000f\000a\000s\000t\000e\000r\000f\000f\000\137\000c\000p\000u\000.\000I\000n\000t\000G\000r\000a\000d\000G\000r\000i\000d}{subsubsection*.312}% 55
\BOOKMARK [4][-]{paragraph*.315}{\376\377\000n\000i\000r\000f\000a\000s\000t\000e\000r\000f\000f\000.\000l\000i\000b\000.\000n\000i\000r\000f\000a\000s\000t\000e\000r\000f\000f\000\137\000c\000p\000u\000.\000I\000n\000t\000G\000r\000i\000d}{subsubsection*.312}% 56
\BOOKMARK [4][-]{paragraph*.317}{\376\377\000n\000i\000r\000f\000a\000s\000t\000e\000r\000f\000f\000.\000l\000i\000b\000.\000n\000i\000r\000f\000a\000s\000t\000e\000r\000f\000f\000\137\000c\000p\000u\000.\000e\000l\000e\000\137\000a\000r\000e\000a}{subsubsection*.312}% 57
\BOOKMARK [4][-]{paragraph*.319}{\376\377\000n\000i\000r\000f\000a\000s\000t\000e\000r\000f\000f\000.\000l\000i\000b\000.\000n\000i\000r\000f\000a\000s\000t\000e\000r\000f\000f\000\137\000c\000p\000u\000.\000g\000e\000n\000\137\000m\000a\000s\000s\000\137\000m\000a\000t\000r\000i\000x}{subsubsection*.312}% 58
\BOOKMARK [4][-]{paragraph*.321}{\376\377\000n\000i\000r\000f\000a\000s\000t\000e\000r\000f\000f\000.\000l\000i\000b\000.\000n\000i\000r\000f\000a\000s\000t\000e\000r\000f\000f\000\137\000c\000p\000u\000.\000g\000e\000n\000\137\000s\000o\000u\000r\000c\000e\000\137\000f\000l}{subsubsection*.312}% 59
\BOOKMARK [4][-]{paragraph*.323}{\376\377\000n\000i\000r\000f\000a\000s\000t\000e\000r\000f\000f\000.\000l\000i\000b\000.\000n\000i\000r\000f\000a\000s\000t\000e\000r\000f\000f\000\137\000c\000p\000u\000.\000g\000e\000t\000\137\000f\000i\000e\000l\000d\000\137\000C\000W}{subsubsection*.312}% 60
\BOOKMARK [4][-]{paragraph*.325}{\376\377\000n\000i\000r\000f\000a\000s\000t\000e\000r\000f\000f\000.\000l\000i\000b\000.\000n\000i\000r\000f\000a\000s\000t\000e\000r\000f\000f\000\137\000c\000p\000u\000.\000g\000e\000t\000\137\000f\000i\000e\000l\000d\000\137\000F\000D}{subsubsection*.312}% 61
\BOOKMARK [4][-]{paragraph*.327}{\376\377\000n\000i\000r\000f\000a\000s\000t\000e\000r\000f\000f\000.\000l\000i\000b\000.\000n\000i\000r\000f\000a\000s\000t\000e\000r\000f\000f\000\137\000c\000p\000u\000.\000g\000e\000t\000\137\000f\000i\000e\000l\000d\000\137\000T\000R}{subsubsection*.312}% 62
\BOOKMARK [4][-]{paragraph*.329}{\376\377\000n\000i\000r\000f\000a\000s\000t\000e\000r\000f\000f\000.\000l\000i\000b\000.\000n\000i\000r\000f\000a\000s\000t\000e\000r\000f\000f\000\137\000c\000p\000u\000.\000g\000e\000t\000\137\000f\000i\000e\000l\000d\000\137\000T\000R\000F\000L}{subsubsection*.312}% 63
\BOOKMARK [4][-]{paragraph*.331}{\376\377\000n\000i\000r\000f\000a\000s\000t\000e\000r\000f\000f\000.\000l\000i\000b\000.\000n\000i\000r\000f\000a\000s\000t\000e\000r\000f\000f\000\137\000c\000p\000u\000.\000g\000e\000t\000\137\000f\000i\000e\000l\000d\000\137\000T\000R\000F\000L\000\137\000m\000o\000m\000e\000n\000t\000s}{subsubsection*.312}% 64
\BOOKMARK [4][-]{paragraph*.333}{\376\377\000n\000i\000r\000f\000a\000s\000t\000e\000r\000f\000f\000.\000l\000i\000b\000.\000n\000i\000r\000f\000a\000s\000t\000e\000r\000f\000f\000\137\000c\000p\000u\000.\000g\000e\000t\000\137\000f\000i\000e\000l\000d\000\137\000T\000R\000\137\000m\000o\000m\000e\000n\000t\000s}{subsubsection*.312}% 65
\BOOKMARK [4][-]{paragraph*.335}{\376\377\000n\000i\000r\000f\000a\000s\000t\000e\000r\000f\000f\000.\000l\000i\000b\000.\000n\000i\000r\000f\000a\000s\000t\000e\000r\000f\000f\000\137\000c\000p\000u\000.\000g\000r\000a\000d\000i\000e\000n\000t\000I\000n\000t\000f\000u\000n\000c}{subsubsection*.312}% 66
\BOOKMARK [4][-]{paragraph*.337}{\376\377\000n\000i\000r\000f\000a\000s\000t\000e\000r\000f\000f\000.\000l\000i\000b\000.\000n\000i\000r\000f\000a\000s\000t\000e\000r\000f\000f\000\137\000c\000p\000u\000.\000g\000r\000a\000d\000i\000e\000n\000t\000I\000n\000t\000f\000u\000n\000c\0002}{subsubsection*.312}% 67
\BOOKMARK [4][-]{paragraph*.339}{\376\377\000n\000i\000r\000f\000a\000s\000t\000e\000r\000f\000f\000.\000l\000i\000b\000.\000n\000i\000r\000f\000a\000s\000t\000e\000r\000f\000f\000\137\000c\000p\000u\000.\000i\000s\000C\000U\000D\000A}{subsubsection*.312}% 68
\BOOKMARK [4][-]{paragraph*.341}{\376\377\000n\000i\000r\000f\000a\000s\000t\000e\000r\000f\000f\000.\000l\000i\000b\000.\000n\000i\000r\000f\000a\000s\000t\000e\000r\000f\000f\000\137\000c\000p\000u\000.\000m\000e\000s\000h\000\137\000s\000u\000p\000p\000o\000r\000t}{subsubsection*.312}% 69
\BOOKMARK [4][-]{paragraph*.343}{\376\377\000n\000i\000r\000f\000a\000s\000t\000e\000r\000f\000f\000.\000l\000i\000b\000.\000n\000i\000r\000f\000a\000s\000t\000e\000r\000f\000f\000\137\000c\000p\000u\000.\000p\000o\000i\000n\000t\000L\000o\000c\000a\000t\000i\000o\000n}{subsubsection*.312}% 70
\BOOKMARK [4][-]{paragraph*.345}{\376\377\000n\000i\000r\000f\000a\000s\000t\000e\000r\000f\000f\000.\000l\000i\000b\000.\000n\000i\000r\000f\000a\000s\000t\000e\000r\000f\000f\000\137\000c\000p\000u\000.\000C\000o\000n\000v\000e\000r\000g\000e\000n\000c\000e\000I\000n\000f\000o\000C\000P\000U}{subsubsection*.312}% 71
\BOOKMARK [3][-]{subsubsection*.348}{\376\377\000n\000i\000r\000f\000a\000s\000t\000e\000r\000f\000f\000.\000l\000i\000b\000.\000n\000i\000r\000f\000a\000s\000t\000e\000r\000f\000f\000\137\000c\000u\000d\000a}{subsection.4.1.5}% 72
\BOOKMARK [4][-]{paragraph*.349}{\376\377\000n\000i\000r\000f\000a\000s\000t\000e\000r\000f\000f\000.\000l\000i\000b\000.\000n\000i\000r\000f\000a\000s\000t\000e\000r\000f\000f\000\137\000c\000u\000d\000a\000.\000g\000e\000n\000\137\000m\000a\000s\000s\000\137\000m\000a\000t\000r\000i\000x}{subsubsection*.348}% 73
\BOOKMARK [4][-]{paragraph*.351}{\376\377\000n\000i\000r\000f\000a\000s\000t\000e\000r\000f\000f\000.\000l\000i\000b\000.\000n\000i\000r\000f\000a\000s\000t\000e\000r\000f\000f\000\137\000c\000u\000d\000a\000.\000g\000e\000n\000\137\000s\000o\000u\000r\000c\000e\000\137\000f\000l}{subsubsection*.348}% 74
\BOOKMARK [4][-]{paragraph*.353}{\376\377\000n\000i\000r\000f\000a\000s\000t\000e\000r\000f\000f\000.\000l\000i\000b\000.\000n\000i\000r\000f\000a\000s\000t\000e\000r\000f\000f\000\137\000c\000u\000d\000a\000.\000g\000e\000t\000\137\000f\000i\000e\000l\000d\000\137\000C\000W}{subsubsection*.348}% 75
\BOOKMARK [4][-]{paragraph*.355}{\376\377\000n\000i\000r\000f\000a\000s\000t\000e\000r\000f\000f\000.\000l\000i\000b\000.\000n\000i\000r\000f\000a\000s\000t\000e\000r\000f\000f\000\137\000c\000u\000d\000a\000.\000g\000e\000t\000\137\000f\000i\000e\000l\000d\000\137\000F\000D}{subsubsection*.348}% 76
\BOOKMARK [4][-]{paragraph*.357}{\376\377\000n\000i\000r\000f\000a\000s\000t\000e\000r\000f\000f\000.\000l\000i\000b\000.\000n\000i\000r\000f\000a\000s\000t\000e\000r\000f\000f\000\137\000c\000u\000d\000a\000.\000g\000e\000t\000\137\000f\000i\000e\000l\000d\000\137\000T\000R}{subsubsection*.348}% 77
\BOOKMARK [4][-]{paragraph*.359}{\376\377\000n\000i\000r\000f\000a\000s\000t\000e\000r\000f\000f\000.\000l\000i\000b\000.\000n\000i\000r\000f\000a\000s\000t\000e\000r\000f\000f\000\137\000c\000u\000d\000a\000.\000g\000e\000t\000\137\000f\000i\000e\000l\000d\000\137\000T\000R\000F\000L}{subsubsection*.348}% 78
\BOOKMARK [4][-]{paragraph*.361}{\376\377\000n\000i\000r\000f\000a\000s\000t\000e\000r\000f\000f\000.\000l\000i\000b\000.\000n\000i\000r\000f\000a\000s\000t\000e\000r\000f\000f\000\137\000c\000u\000d\000a\000.\000g\000e\000t\000\137\000f\000i\000e\000l\000d\000\137\000T\000R\000F\000L\000\137\000m\000o\000m\000e\000n\000t\000s}{subsubsection*.348}% 79
\BOOKMARK [4][-]{paragraph*.363}{\376\377\000n\000i\000r\000f\000a\000s\000t\000e\000r\000f\000f\000.\000l\000i\000b\000.\000n\000i\000r\000f\000a\000s\000t\000e\000r\000f\000f\000\137\000c\000u\000d\000a\000.\000g\000e\000t\000\137\000f\000i\000e\000l\000d\000\137\000T\000R\000\137\000m\000o\000m\000e\000n\000t\000s}{subsubsection*.348}% 80
\BOOKMARK [4][-]{paragraph*.365}{\376\377\000n\000i\000r\000f\000a\000s\000t\000e\000r\000f\000f\000.\000l\000i\000b\000.\000n\000i\000r\000f\000a\000s\000t\000e\000r\000f\000f\000\137\000c\000u\000d\000a\000.\000C\000o\000n\000v\000e\000r\000g\000e\000n\000c\000e\000I\000n\000f\000o\000G\000P\000U}{subsubsection*.348}% 81
\BOOKMARK [2][-]{subsection.4.1.6}{\376\377\000n\000i\000r\000f\000a\000s\000t\000e\000r\000f\000f\000.\000m\000a\000t\000h}{section.4.1}% 82
\BOOKMARK [3][-]{subsubsection*.368}{\376\377\000n\000i\000r\000f\000a\000s\000t\000e\000r\000f\000f\000.\000m\000a\000t\000h\000.\000g\000e\000n\000\137\000m\000a\000s\000s\000\137\000m\000a\000t\000r\000i\000x}{subsection.4.1.6}% 83
\BOOKMARK [3][-]{subsubsection*.370}{\376\377\000n\000i\000r\000f\000a\000s\000t\000e\000r\000f\000f\000.\000m\000a\000t\000h\000.\000g\000e\000n\000\137\000s\000o\000u\000r\000c\000e\000s}{subsection.4.1.6}% 84
\BOOKMARK [3][-]{subsubsection*.372}{\376\377\000n\000i\000r\000f\000a\000s\000t\000e\000r\000f\000f\000.\000m\000a\000t\000h\000.\000g\000e\000n\000\137\000s\000o\000u\000r\000c\000e\000s\000\137\000f\000l}{subsection.4.1.6}% 85
\BOOKMARK [3][-]{subsubsection*.374}{\376\377\000n\000i\000r\000f\000a\000s\000t\000e\000r\000f\000f\000.\000m\000a\000t\000h\000.\000g\000e\000t\000\137\000b\000o\000u\000n\000d\000a\000r\000y\000\137\000d\000a\000t\000a}{subsection.4.1.6}% 86
\BOOKMARK [3][-]{subsubsection*.376}{\376\377\000n\000i\000r\000f\000a\000s\000t\000e\000r\000f\000f\000.\000m\000a\000t\000h\000.\000g\000e\000t\000\137\000f\000i\000e\000l\000d\000\137\000C\000W}{subsection.4.1.6}% 87
\BOOKMARK [3][-]{subsubsection*.378}{\376\377\000n\000i\000r\000f\000a\000s\000t\000e\000r\000f\000f\000.\000m\000a\000t\000h\000.\000g\000e\000t\000\137\000f\000i\000e\000l\000d\000\137\000F\000D}{subsection.4.1.6}% 88
\BOOKMARK [3][-]{subsubsection*.380}{\376\377\000n\000i\000r\000f\000a\000s\000t\000e\000r\000f\000f\000.\000m\000a\000t\000h\000.\000g\000e\000t\000\137\000f\000i\000e\000l\000d\000\137\000T\000R}{subsection.4.1.6}% 89
\BOOKMARK [3][-]{subsubsection*.382}{\376\377\000n\000i\000r\000f\000a\000s\000t\000e\000r\000f\000f\000.\000m\000a\000t\000h\000.\000g\000e\000t\000\137\000f\000i\000e\000l\000d\000\137\000T\000R\0001}{subsection.4.1.6}% 90
\BOOKMARK [3][-]{subsubsection*.384}{\376\377\000n\000i\000r\000f\000a\000s\000t\000e\000r\000f\000f\000.\000m\000a\000t\000h\000.\000g\000e\000t\000\137\000f\000i\000e\000l\000d\000\137\000T\000R\000F\000L}{subsection.4.1.6}% 91
\BOOKMARK [3][-]{subsubsection*.386}{\376\377\000n\000i\000r\000f\000a\000s\000t\000e\000r\000f\000f\000.\000m\000a\000t\000h\000.\000g\000e\000t\000\137\000f\000i\000e\000l\000d\000\137\000T\000R\000F\000L\000m\000o\000m\000e\000n\000t\000s}{subsection.4.1.6}% 92
\BOOKMARK [3][-]{subsubsection*.388}{\376\377\000n\000i\000r\000f\000a\000s\000t\000e\000r\000f\000f\000.\000m\000a\000t\000h\000.\000g\000e\000t\000\137\000f\000i\000e\000l\000d\000\137\000T\000R\000m\000o\000m\000e\000n\000t\000s}{subsection.4.1.6}% 93
\BOOKMARK [2][-]{subsection.4.1.7}{\376\377\000n\000i\000r\000f\000a\000s\000t\000e\000r\000f\000f\000.\000m\000e\000s\000h\000i\000n\000g}{section.4.1}% 94
\BOOKMARK [3][-]{subsubsection*.390}{\376\377\000n\000i\000r\000f\000a\000s\000t\000e\000r\000f\000f\000.\000m\000e\000s\000h\000i\000n\000g\000.\000a\000u\000x\000i\000l\000i\000a\000r\000y}{subsection.4.1.7}% 95
\BOOKMARK [4][-]{paragraph*.391}{\376\377\000n\000i\000r\000f\000a\000s\000t\000e\000r\000f\000f\000.\000m\000e\000s\000h\000i\000n\000g\000.\000a\000u\000x\000i\000l\000i\000a\000r\000y\000.\000c\000h\000e\000c\000k\000\137\000f\000a\000c\000e\000a\000r\000e\000a}{subsubsection*.390}% 96
\BOOKMARK [4][-]{paragraph*.393}{\376\377\000n\000i\000r\000f\000a\000s\000t\000e\000r\000f\000f\000.\000m\000e\000s\000h\000i\000n\000g\000.\000a\000u\000x\000i\000l\000i\000a\000r\000y\000.\000c\000h\000e\000c\000k\000\137\000t\000e\000t\000r\000a\000h\000e\000d\000r\000o\000n\000\137\000f\000a\000c\000e\000s}{subsubsection*.390}% 97
\BOOKMARK [4][-]{paragraph*.395}{\376\377\000n\000i\000r\000f\000a\000s\000t\000e\000r\000f\000f\000.\000m\000e\000s\000h\000i\000n\000g\000.\000a\000u\000x\000i\000l\000i\000a\000r\000y\000.\000c\000h\000e\000c\000k\000e\000d\000g\000e\000s}{subsubsection*.390}% 98
\BOOKMARK [4][-]{paragraph*.397}{\376\377\000n\000i\000r\000f\000a\000s\000t\000e\000r\000f\000f\000.\000m\000e\000s\000h\000i\000n\000g\000.\000a\000u\000x\000i\000l\000i\000a\000r\000y\000.\000q\000u\000a\000l\000i\000t\000y\000\137\000t\000r\000i\000a\000n\000g\000l\000e\000\137\000r\000a\000d\000i\000u\000s}{subsubsection*.390}% 99
\BOOKMARK [4][-]{paragraph*.399}{\376\377\000n\000i\000r\000f\000a\000s\000t\000e\000r\000f\000f\000.\000m\000e\000s\000h\000i\000n\000g\000.\000a\000u\000x\000i\000l\000i\000a\000r\000y\000.\000s\000i\000m\000p\000q\000u\000a\000l}{subsubsection*.390}% 100
\BOOKMARK [4][-]{paragraph*.401}{\376\377\000n\000i\000r\000f\000a\000s\000t\000e\000r\000f\000f\000.\000m\000e\000s\000h\000i\000n\000g\000.\000a\000u\000x\000i\000l\000i\000a\000r\000y\000.\000v\000e\000c\000t\000o\000r\000\137\000v\000e\000c\000t\000o\000r\000\137\000a\000n\000g\000l\000e}{subsubsection*.390}% 101
\BOOKMARK [3][-]{subsubsection*.403}{\376\377\000n\000i\000r\000f\000a\000s\000t\000e\000r\000f\000f\000.\000m\000e\000s\000h\000i\000n\000g\000.\000m\000e\000s\000h\000u\000t\000i\000l\000s}{subsection.4.1.7}% 102
\BOOKMARK [4][-]{paragraph*.404}{\376\377\000n\000i\000r\000f\000a\000s\000t\000e\000r\000f\000f\000.\000m\000e\000s\000h\000i\000n\000g\000.\000m\000e\000s\000h\000u\000t\000i\000l\000s\000.\000C\000h\000e\000c\000k\000M\000e\000s\000h\0002\000D}{subsubsection*.403}% 103
\BOOKMARK [4][-]{paragraph*.406}{\376\377\000n\000i\000r\000f\000a\000s\000t\000e\000r\000f\000f\000.\000m\000e\000s\000h\000i\000n\000g\000.\000m\000e\000s\000h\000u\000t\000i\000l\000s\000.\000C\000h\000e\000c\000k\000M\000e\000s\000h\0003\000D}{subsubsection*.403}% 104
\BOOKMARK [4][-]{paragraph*.408}{\376\377\000n\000i\000r\000f\000a\000s\000t\000e\000r\000f\000f\000.\000m\000e\000s\000h\000i\000n\000g\000.\000m\000e\000s\000h\000u\000t\000i\000l\000s\000.\000R\000u\000n\000C\000G\000A\000L\000M\000e\000s\000h\000G\000e\000n\000e\000r\000a\000t\000o\000r}{subsubsection*.403}% 105
\BOOKMARK [4][-]{paragraph*.410}{\376\377\000n\000i\000r\000f\000a\000s\000t\000e\000r\000f\000f\000.\000m\000e\000s\000h\000i\000n\000g\000.\000m\000e\000s\000h\000u\000t\000i\000l\000s\000.\000b\000o\000u\000n\000d\000f\000a\000c\000e\000s}{subsubsection*.403}% 106
\BOOKMARK [4][-]{paragraph*.412}{\376\377\000n\000i\000r\000f\000a\000s\000t\000e\000r\000f\000f\000.\000m\000e\000s\000h\000i\000n\000g\000.\000m\000e\000s\000h\000u\000t\000i\000l\000s\000.\000c\000h\000e\000c\000k\000m\000e\000s\000h\0003\000d\000\137\000s\000o\000l\000i\000d}{subsubsection*.403}% 107
\BOOKMARK [4][-]{paragraph*.414}{\376\377\000n\000i\000r\000f\000a\000s\000t\000e\000r\000f\000f\000.\000m\000e\000s\000h\000i\000n\000g\000.\000m\000e\000s\000h\000u\000t\000i\000l\000s\000.\000c\000h\000e\000c\000k\000m\000e\000s\000h\0003\000d\000\137\000s\000u\000r\000f\000a\000c\000e}{subsubsection*.403}% 108
\BOOKMARK [4][-]{paragraph*.416}{\376\377\000n\000i\000r\000f\000a\000s\000t\000e\000r\000f\000f\000.\000m\000e\000s\000h\000i\000n\000g\000.\000m\000e\000s\000h\000u\000t\000i\000l\000s\000.\000i\000m\000g\0002\000m\000e\000s\000h}{subsubsection*.403}% 109
\BOOKMARK [2][-]{subsection.4.1.8}{\376\377\000n\000i\000r\000f\000a\000s\000t\000e\000r\000f\000f\000.\000u\000t\000i\000l\000s}{section.4.1}% 110
\BOOKMARK [3][-]{subsubsection*.418}{\376\377\000n\000i\000r\000f\000a\000s\000t\000e\000r\000f\000f\000.\000u\000t\000i\000l\000s\000.\000b\000o\000u\000n\000d\000a\000r\000y\000\137\000a\000t\000t\000e\000n\000u\000a\000t\000i\000o\000n}{subsection.4.1.8}% 111
\BOOKMARK [3][-]{subsubsection*.420}{\376\377\000n\000i\000r\000f\000a\000s\000t\000e\000r\000f\000f\000.\000u\000t\000i\000l\000s\000.\000c\000h\000e\000c\000k\000\137\000e\000l\000e\000m\000e\000n\000t\000\137\000o\000r\000i\000e\000n\000t\000a\000t\000i\000o\000n\000\137\0002\000d}{subsection.4.1.8}% 112
\BOOKMARK [3][-]{subsubsection*.422}{\376\377\000n\000i\000r\000f\000a\000s\000t\000e\000r\000f\000f\000.\000u\000t\000i\000l\000s\000.\000c\000o\000m\000p\000r\000e\000s\000s\000\137\000c\000o\000o}{subsection.4.1.8}% 113
\BOOKMARK [3][-]{subsubsection*.424}{\376\377\000n\000i\000r\000f\000a\000s\000t\000e\000r\000f\000f\000.\000u\000t\000i\000l\000s\000.\000c\000u\000d\000a\000D\000e\000v\000i\000c\000e\000I\000n\000f\000o}{subsection.4.1.8}% 114
\BOOKMARK [3][-]{subsubsection*.426}{\376\377\000n\000i\000r\000f\000a\000s\000t\000e\000r\000f\000f\000.\000u\000t\000i\000l\000s\000.\000c\000u\000d\000a\000M\000e\000m\000F\000r\000e\000e}{subsection.4.1.8}% 115
\BOOKMARK [3][-]{subsubsection*.428}{\376\377\000n\000i\000r\000f\000a\000s\000t\000e\000r\000f\000f\000.\000u\000t\000i\000l\000s\000.\000g\000e\000n\000\137\000i\000n\000t\000m\000a\000t\000\137\000i\000m\000p\000l}{subsection.4.1.8}% 116
\BOOKMARK [3][-]{subsubsection*.430}{\376\377\000n\000i\000r\000f\000a\000s\000t\000e\000r\000f\000f\000.\000u\000t\000i\000l\000s\000.\000g\000e\000t\000\137\000n\000t\000h\000r\000e\000a\000d}{subsection.4.1.8}% 117
\BOOKMARK [3][-]{subsubsection*.432}{\376\377\000n\000i\000r\000f\000a\000s\000t\000e\000r\000f\000f\000.\000u\000t\000i\000l\000s\000.\000g\000e\000t\000\137\000s\000o\000l\000v\000e\000r}{subsection.4.1.8}% 118
\BOOKMARK [3][-]{subsubsection*.434}{\376\377\000n\000i\000r\000f\000a\000s\000t\000e\000r\000f\000f\000.\000u\000t\000i\000l\000s\000.\000i\000s\000C\000U\000D\000A}{subsection.4.1.8}% 119
\BOOKMARK [3][-]{subsubsection*.436}{\376\377\000n\000i\000r\000f\000a\000s\000t\000e\000r\000f\000f\000.\000u\000t\000i\000l\000s\000.\000n\000n\000t\000o\000g\000r\000i\000d}{subsection.4.1.8}% 120
\BOOKMARK [3][-]{subsubsection*.438}{\376\377\000n\000i\000r\000f\000a\000s\000t\000e\000r\000f\000f\000.\000u\000t\000i\000l\000s\000.\000p\000o\000i\000n\000t\000L\000i\000n\000e\000D\000i\000s\000t\000a\000n\000c\000e}{subsection.4.1.8}% 121
\BOOKMARK [3][-]{subsubsection*.440}{\376\377\000n\000i\000r\000f\000a\000s\000t\000e\000r\000f\000f\000.\000u\000t\000i\000l\000s\000.\000p\000o\000i\000n\000t\000L\000o\000c\000a\000t\000i\000o\000n}{subsection.4.1.8}% 122
\BOOKMARK [3][-]{subsubsection*.442}{\376\377\000n\000i\000r\000f\000a\000s\000t\000e\000r\000f\000f\000.\000u\000t\000i\000l\000s\000.\000p\000o\000i\000n\000t\000T\000r\000i\000a\000n\000g\000l\000e\000D\000i\000s\000t\000a\000n\000c\000e}{subsection.4.1.8}% 123
\BOOKMARK [3][-]{subsubsection*.444}{\376\377\000n\000i\000r\000f\000a\000s\000t\000e\000r\000f\000f\000.\000u\000t\000i\000l\000s\000.\000u\000n\000c\000o\000m\000p\000r\000e\000s\000s\000\137\000c\000o\000o}{subsection.4.1.8}% 124
\BOOKMARK [3][-]{subsubsection*.446}{\376\377\000n\000i\000r\000f\000a\000s\000t\000e\000r\000f\000f\000.\000u\000t\000i\000l\000s\000.\000C\000o\000n\000v\000e\000r\000g\000e\000n\000c\000e\000I\000n\000f\000o}{subsection.4.1.8}% 125
\BOOKMARK [3][-]{subsubsection*.453}{\376\377\000n\000i\000r\000f\000a\000s\000t\000e\000r\000f\000f\000.\000u\000t\000i\000l\000s\000.\000M\000e\000s\000h\000i\000n\000g\000P\000a\000r\000a\000m\000s}{subsection.4.1.8}% 126
\BOOKMARK [3][-]{subsubsection*.467}{\376\377\000n\000i\000r\000f\000a\000s\000t\000e\000r\000f\000f\000.\000u\000t\000i\000l\000s\000.\000M\000e\000s\000h\000i\000n\000g\000P\000a\000r\000a\000m\000s\0002\000D}{subsection.4.1.8}% 127
\BOOKMARK [3][-]{subsubsection*.473}{\376\377\000n\000i\000r\000f\000a\000s\000t\000e\000r\000f\000f\000.\000u\000t\000i\000l\000s\000.\000S\000o\000l\000v\000e\000r\000O\000p\000t\000i\000o\000n\000s}{subsection.4.1.8}% 128
\BOOKMARK [2][-]{subsection.4.1.9}{\376\377\000n\000i\000r\000f\000a\000s\000t\000e\000r\000f\000f\000.\000v\000i\000s\000u\000a\000l\000i\000z\000e}{section.4.1}% 129
\BOOKMARK [3][-]{subsubsection*.481}{\376\377\000n\000i\000r\000f\000a\000s\000t\000e\000r\000f\000f\000.\000v\000i\000s\000u\000a\000l\000i\000z\000e\000.\000p\000l\000o\000t\0003\000d\000m\000e\000s\000h}{subsection.4.1.9}% 130
\BOOKMARK [3][-]{subsubsection*.483}{\376\377\000n\000i\000r\000f\000a\000s\000t\000e\000r\000f\000f\000.\000v\000i\000s\000u\000a\000l\000i\000z\000e\000.\000p\000l\000o\000t\0003\000d\000m\000e\000s\000h\000\137\000v\0002}{subsection.4.1.9}% 131
\BOOKMARK [3][-]{subsubsection*.485}{\376\377\000n\000i\000r\000f\000a\000s\000t\000e\000r\000f\000f\000.\000v\000i\000s\000u\000a\000l\000i\000z\000e\000.\000p\000l\000o\000t\000i\000m\000a\000g\000e}{subsection.4.1.9}% 132
\BOOKMARK [3][-]{subsubsection*.487}{\376\377\000n\000i\000r\000f\000a\000s\000t\000e\000r\000f\000f\000.\000v\000i\000s\000u\000a\000l\000i\000z\000e\000.\000p\000l\000o\000t\000v\000o\000l}{subsection.4.1.9}% 133
\BOOKMARK [0][-]{section*.489}{\376\377\000P\000y\000t\000h\000o\000n\000\040\000M\000o\000d\000u\000l\000e\000\040\000I\000n\000d\000e\000x}{}% 134
\BOOKMARK [0][-]{section*.490}{\376\377\000I\000n\000d\000e\000x}{}% 135
