This is pdfTeX, Version 3.141592653-2.6-1.40.25 (TeX Live 2023/Debian) (preloaded format=pdflatex 2025.8.6)  2 JUN 2026 14:56
entering extended mode
 restricted \write18 enabled.
 %&-line parsing enabled.
**nirfasterff.tex
(./nirfasterff.tex
LaTeX2e <2023-11-01> patch level 1
L3 programming layer <2024-01-22>
(./sphinxmanual.cls
Document Class: sphinxmanual 2019/12/01 v2.3.0 Document class (Sphinx manual)
(/usr/share/texlive/texmf-dist/tex/latex/base/report.cls
Document Class: report 2023/05/17 v1.4n Standard LaTeX document class
(/usr/share/texlive/texmf-dist/tex/latex/base/size10.clo
File: size10.clo 2023/05/17 v1.4n Standard LaTeX file (size option)
)
\c@part=\count187
\c@chapter=\count188
\c@section=\count189
\c@subsection=\count190
\c@subsubsection=\count191
\c@paragraph=\count192
\c@subparagraph=\count193
\c@figure=\count194
\c@table=\count195
\abovecaptionskip=\skip48
\belowcaptionskip=\skip49
\bibindent=\dimen140
)
LaTeX Info: Redefining \and on input line 35.
)
\sphinxremdimen=\dimen141

(/usr/share/texlive/texmf-dist/tex/latex/base/inputenc.sty
Package: inputenc 2021/02/14 v1.3d Input encoding file
\inpenc@prehook=\toks17
\inpenc@posthook=\toks18
)
   defining Unicode char U+00A0 (decimal 160)
   defining Unicode char U+2500 (decimal 9472)
   defining Unicode char U+2502 (decimal 9474)
   defining Unicode char U+2514 (decimal 9492)
   defining Unicode char U+251C (decimal 9500)
   defining Unicode char U+2572 (decimal 9586)

(/usr/share/texlive/texmf-dist/tex/latex/cmap/cmap.sty
Package: cmap 2021/02/06 v1.0j CMap support: searchable PDF
)
(/usr/share/texlive/texmf-dist/tex/latex/base/fontenc.sty
Package: fontenc 2021/04/29 v2.0v Standard LaTeX package
<<t1.cmap>>)
(/usr/share/texlive/texmf-dist/tex/latex/amsmath/amsmath.sty
Package: amsmath 2023/05/13 v2.17o AMS math features
\@mathmargin=\skip50

For additional information on amsmath, use the `?' option.
(/usr/share/texlive/texmf-dist/tex/latex/amsmath/amstext.sty
Package: amstext 2021/08/26 v2.01 AMS text

(/usr/share/texlive/texmf-dist/tex/latex/amsmath/amsgen.sty
File: amsgen.sty 1999/11/30 v2.0 generic functions
\@emptytoks=\toks19
\ex@=\dimen142
))
(/usr/share/texlive/texmf-dist/tex/latex/amsmath/amsbsy.sty
Package: amsbsy 1999/11/29 v1.2d Bold Symbols
\pmbraise@=\dimen143
)
(/usr/share/texlive/texmf-dist/tex/latex/amsmath/amsopn.sty
Package: amsopn 2022/04/08 v2.04 operator names
)
\inf@bad=\count196
LaTeX Info: Redefining \frac on input line 234.
\uproot@=\count197
\leftroot@=\count198
LaTeX Info: Redefining \overline on input line 399.
LaTeX Info: Redefining \colon on input line 410.
\classnum@=\count199
\DOTSCASE@=\count266
LaTeX Info: Redefining \ldots on input line 496.
LaTeX Info: Redefining \dots on input line 499.
LaTeX Info: Redefining \cdots on input line 620.
\Mathstrutbox@=\box51
\strutbox@=\box52
LaTeX Info: Redefining \big on input line 722.
LaTeX Info: Redefining \Big on input line 723.
LaTeX Info: Redefining \bigg on input line 724.
LaTeX Info: Redefining \Bigg on input line 725.
\big@size=\dimen144
LaTeX Font Info:    Redeclaring font encoding OML on input line 743.
LaTeX Font Info:    Redeclaring font encoding OMS on input line 744.
\macc@depth=\count267
LaTeX Info: Redefining \bmod on input line 905.
LaTeX Info: Redefining \pmod on input line 910.
LaTeX Info: Redefining \smash on input line 940.
LaTeX Info: Redefining \relbar on input line 970.
LaTeX Info: Redefining \Relbar on input line 971.
\c@MaxMatrixCols=\count268
\dotsspace@=\muskip16
\c@parentequation=\count269
\dspbrk@lvl=\count270
\tag@help=\toks20
\row@=\count271
\column@=\count272
\maxfields@=\count273
\andhelp@=\toks21
\eqnshift@=\dimen145
\alignsep@=\dimen146
\tagshift@=\dimen147
\tagwidth@=\dimen148
\totwidth@=\dimen149
\lineht@=\dimen150
\@envbody=\toks22
\multlinegap=\skip51
\multlinetaggap=\skip52
\mathdisplay@stack=\toks23
LaTeX Info: Redefining \[ on input line 2953.
LaTeX Info: Redefining \] on input line 2954.
)
(/usr/share/texlive/texmf-dist/tex/latex/amsfonts/amssymb.sty
Package: amssymb 2013/01/14 v3.01 AMS font symbols

(/usr/share/texlive/texmf-dist/tex/latex/amsfonts/amsfonts.sty
Package: amsfonts 2013/01/14 v3.01 Basic AMSFonts support
\symAMSa=\mathgroup4
\symAMSb=\mathgroup5
LaTeX Font Info:    Redeclaring math symbol \hbar on input line 98.
LaTeX Font Info:    Overwriting math alphabet `\mathfrak' in version `bold'
(Font)                  U/euf/m/n --> U/euf/b/n on input line 106.
))
(/usr/share/texlive/texmf-dist/tex/generic/babel/babel.sty
Package: babel 2024/01/07 v24.1 The Babel package
\babel@savecnt=\count274
\U@D=\dimen151
\l@unhyphenated=\language5

(/usr/share/texlive/texmf-dist/tex/generic/babel/txtbabel.def)
\bbl@readstream=\read2
\bbl@dirlevel=\count275

(/usr/share/texlive/texmf-dist/tex/generic/babel-english/english.ldf
Language: english 2017/06/06 v3.3r English support from the babel system
Package babel Info: Hyphen rules for 'british' set to \l@english
(babel)             (\language0). Reported on input line 82.
Package babel Info: Hyphen rules for 'UKenglish' set to \l@english
(babel)             (\language0). Reported on input line 83.
Package babel Info: Hyphen rules for 'canadian' set to \l@english
(babel)             (\language0). Reported on input line 102.
Package babel Info: Hyphen rules for 'australian' set to \l@english
(babel)             (\language0). Reported on input line 105.
Package babel Info: Hyphen rules for 'newzealand' set to \l@english
(babel)             (\language0). Reported on input line 108.
))
(/usr/share/texlive/texmf-dist/tex/generic/babel/locale/en/babel-english.tex
Package babel Info: Importing font and identification data for english
(babel)             from babel-en.ini. Reported on input line 11.
)
(/usr/share/texmf/tex/latex/tex-gyre/tgtermes.sty
Package: tgtermes 2009/09/27 v1.2 TeX Gyre Termes as default roman family

(/usr/share/texlive/texmf-dist/tex/latex/kvoptions/kvoptions.sty
Package: kvoptions 2022-06-15 v3.15 Key value format for package options (HO)

(/usr/share/texlive/texmf-dist/tex/latex/graphics/keyval.sty
Package: keyval 2022/05/29 v1.15 key=value parser (DPC)
\KV@toks@=\toks24
)
(/usr/share/texlive/texmf-dist/tex/generic/ltxcmds/ltxcmds.sty
Package: ltxcmds 2023-12-04 v1.26 LaTeX kernel commands for general use (HO)
)
(/usr/share/texlive/texmf-dist/tex/latex/kvsetkeys/kvsetkeys.sty
Package: kvsetkeys 2022-10-05 v1.19 Key value parser (HO)
)))
(/usr/share/texmf/tex/latex/tex-gyre/tgheros.sty
Package: tgheros 2009/09/27 v1.2 TeX Gyre Heros as default sans serif family
)
(/usr/share/texlive/texmf-dist/tex/latex/fncychap/fncychap.sty
Package: fncychap 2007/07/30 v1.34 LaTeX package (Revised chapters)
\RW=\skip53
\mylen=\skip54
\myhi=\skip55
\px=\skip56
\py=\skip57
\pyy=\skip58
\pxx=\skip59
\c@AlphaCnt=\count276
\c@AlphaDecCnt=\count277
) (./sphinx.sty
Package: sphinx 2025/12/26 v9.1.0 Sphinx LaTeX package (sphinx-doc)

(/usr/share/texlive/texmf-dist/tex/latex/xcolor/xcolor.sty
Package: xcolor 2023/11/15 v3.01 LaTeX color extensions (UK)

(/usr/share/texlive/texmf-dist/tex/latex/graphics-cfg/color.cfg
File: color.cfg 2016/01/02 v1.6 sample color configuration
)
Package xcolor Info: Driver file: pdftex.def on input line 274.

(/usr/share/texlive/texmf-dist/tex/latex/graphics-def/pdftex.def
File: pdftex.def 2022/09/22 v1.2b Graphics/color driver for pdftex
)
(/usr/share/texlive/texmf-dist/tex/latex/graphics/mathcolor.ltx)
Package xcolor Info: Model `cmy' substituted by `cmy0' on input line 1350.
Package xcolor Info: Model `hsb' substituted by `rgb' on input line 1354.
Package xcolor Info: Model `RGB' extended on input line 1366.
Package xcolor Info: Model `HTML' substituted by `rgb' on input line 1368.
Package xcolor Info: Model `Hsb' substituted by `hsb' on input line 1369.
Package xcolor Info: Model `tHsb' substituted by `hsb' on input line 1370.
Package xcolor Info: Model `HSB' substituted by `hsb' on input line 1371.
Package xcolor Info: Model `Gray' substituted by `gray' on input line 1372.
Package xcolor Info: Model `wave' substituted by `hsb' on input line 1373.
)
(./sphinxoptionshyperref.sty
Package: sphinxoptionshyperref 2021/01/27 hyperref
) (./sphinxoptionsgeometry.sty
Package: sphinxoptionsgeometry 2021/01/27 geometry
)
(/usr/share/texlive/texmf-dist/tex/latex/base/textcomp.sty
Package: textcomp 2020/02/02 v2.0n Standard LaTeX package
)
(/usr/share/texlive/texmf-dist/tex/latex/float/float.sty
Package: float 2001/11/08 v1.3d Float enhancements (AL)
\c@float@type=\count278
\float@exts=\toks25
\float@box=\box53
\@float@everytoks=\toks26
\@floatcapt=\box54
)
(/usr/share/texlive/texmf-dist/tex/latex/wrapfig/wrapfig.sty
\wrapoverhang=\dimen152
\WF@size=\dimen153
\c@WF@wrappedlines=\count279
\WF@box=\box55
\WF@everypar=\toks27
Package: wrapfig 2003/01/31  v 3.6
)
(/usr/share/texlive/texmf-dist/tex/latex/capt-of/capt-of.sty
Package: capt-of 2009/12/29 v0.2 standard captions outside of floats
)
(/usr/share/texlive/texmf-dist/tex/latex/tools/multicol.sty
Package: multicol 2023/03/30 v1.9f multicolumn formatting (FMi)
\c@tracingmulticols=\count280
\mult@box=\box56
\multicol@leftmargin=\dimen154
\c@unbalance=\count281
\c@collectmore=\count282
\doublecol@number=\count283
\multicoltolerance=\count284
\multicolpretolerance=\count285
\full@width=\dimen155
\page@free=\dimen156
\premulticols=\dimen157
\postmulticols=\dimen158
\multicolsep=\skip60
\multicolbaselineskip=\skip61
\partial@page=\box57
\last@line=\box58
\mc@boxedresult=\box59
\maxbalancingoverflow=\dimen159
\mult@rightbox=\box60
\mult@grightbox=\box61
\mult@firstbox=\box62
\mult@gfirstbox=\box63
\@tempa=\box64
\@tempa=\box65
\@tempa=\box66
\@tempa=\box67
\@tempa=\box68
\@tempa=\box69
\@tempa=\box70
\@tempa=\box71
\@tempa=\box72
\@tempa=\box73
\@tempa=\box74
\@tempa=\box75
\@tempa=\box76
\@tempa=\box77
\@tempa=\box78
\@tempa=\box79
\@tempa=\box80
\@tempa=\box81
\@tempa=\box82
\@tempa=\box83
\@tempa=\box84
\@tempa=\box85
\@tempa=\box86
\@tempa=\box87
\@tempa=\box88
\@tempa=\box89
\@tempa=\box90
\@tempa=\box91
\@tempa=\box92
\@tempa=\box93
\@tempa=\box94
\@tempa=\box95
\@tempa=\box96
\@tempa=\box97
\@tempa=\box98
\@tempa=\box99
\c@minrows=\count286
\c@columnbadness=\count287
\c@finalcolumnbadness=\count288
\last@try=\dimen160
\multicolovershoot=\dimen161
\multicolundershoot=\dimen162
\mult@nat@firstbox=\box100
\colbreak@box=\box101
\mc@col@check@num=\count289
)
(/usr/share/texlive/texmf-dist/tex/latex/graphics/graphicx.sty
Package: graphicx 2021/09/16 v1.2d Enhanced LaTeX Graphics (DPC,SPQR)

(/usr/share/texlive/texmf-dist/tex/latex/graphics/graphics.sty
Package: graphics 2022/03/10 v1.4e Standard LaTeX Graphics (DPC,SPQR)

(/usr/share/texlive/texmf-dist/tex/latex/graphics/trig.sty
Package: trig 2021/08/11 v1.11 sin cos tan (DPC)
)
(/usr/share/texlive/texmf-dist/tex/latex/graphics-cfg/graphics.cfg
File: graphics.cfg 2016/06/04 v1.11 sample graphics configuration
)
Package graphics Info: Driver file: pdftex.def on input line 107.
)
\Gin@req@height=\dimen163
\Gin@req@width=\dimen164
)
(./sphinxlatexgraphics.sty
Package: sphinxlatexgraphics 2024/08/13 v8.1.0 graphics
\spx@image@maxheight=\dimen165
\spx@image@box=\box102
) (./sphinxpackageboxes.sty
Package: sphinxpackageboxes 2024/07/01 v7.4.0 advanced colored boxes

(/usr/share/texlive/texmf-dist/tex/latex/pict2e/pict2e.sty
Package: pict2e 2020/09/30 v0.4b Improved picture commands (HjG,RN,JT)

(/usr/share/texlive/texmf-dist/tex/latex/pict2e/pict2e.cfg
File: pict2e.cfg 2016/02/05 v0.1u pict2e configuration for teTeX/TeXLive
)
Package pict2e Info: Driver file: pdftex.def on input line 112.
Package pict2e Info: Driver file for pict2e: p2e-pdftex.def on input line 114.

(/usr/share/texlive/texmf-dist/tex/latex/pict2e/p2e-pdftex.def
File: p2e-pdftex.def 2016/02/05 v0.1u Driver-dependant file (RN,HjG,JT)
)
\pIIe@GRAPH=\toks28
\@arclen=\dimen166
\@arcrad=\dimen167
\pIIe@tempdima=\dimen168
\pIIe@tempdimb=\dimen169
\pIIe@tempdimc=\dimen170
\pIIe@tempdimd=\dimen171
\pIIe@tempdime=\dimen172
\pIIe@tempdimf=\dimen173
)
(/usr/share/texlive/texmf-dist/tex/latex/ellipse/ellipse.sty
Package: ellipse 2004/11/05 v1.0 .dtx ellipse file
)
\@tempdimd=\dimen174
\spx@tempboxa=\box103
\spx@tempboxb=\box104
\spx@boxes@border@top=\dimen175
\spx@boxes@border@right=\dimen176
\spx@boxes@border@bottom=\dimen177
\spx@boxes@border@left=\dimen178
\spx@boxes@padding@top=\dimen179
\spx@boxes@padding@right=\dimen180
\spx@boxes@padding@bottom=\dimen181
\spx@boxes@padding@left=\dimen182
\spx@boxes@shadow@xoffset=\dimen183
\spx@boxes@shadow@yoffset=\dimen184
\spx@boxes@radius@topleft@x=\dimen185
\spx@boxes@radius@topright@x=\dimen186
\spx@boxes@radius@bottomright@x=\dimen187
\spx@boxes@radius@bottomleft@x=\dimen188
\spx@boxes@radius@topleft@y=\dimen189
\spx@boxes@radius@topright@y=\dimen190
\spx@boxes@radius@bottomright@y=\dimen191
\spx@boxes@radius@bottomleft@y=\dimen192
)
(./sphinxlatexadmonitions.sty
Package: sphinxlatexadmonitions 2025/10/24 v9.0.0 admonitions

(/usr/share/texlive/texmf-dist/tex/latex/framed/framed.sty
Package: framed 2011/10/22 v 0.96: framed or shaded text with page breaks
\OuterFrameSep=\skip62
\fb@frw=\dimen193
\fb@frh=\dimen194
\FrameRule=\dimen195
\FrameSep=\dimen196
)
(/usr/share/texlive/texmf-dist/tex/latex/needspace/needspace.sty
Package: needspace 2010/09/12 v1.3d reserve vertical space
)
(./sphinxpackagefootnote.sty
Package: sphinxpackagefootnote 2025/11/15 v9.0.0 Sphinx custom footnotehyper pa
ckage (Sphinx team)
\FNH@notes=\box105
\FNH@toks=\toks29
\FNH@width=\dimen197
\c@sphinxfootnotemark=\count290
)
\spx@notice@border=\dimen198
\c@sphinxtodo=\count291
) (./sphinxlatexliterals.sty
Package: sphinxlatexliterals 2025/12/26 v9.1.0 code-blocks and parsed literals

(/usr/share/texlive/texmf-dist/tex/latex/fancyvrb/fancyvrb.sty
Package: fancyvrb 2024/01/20 4.5c verbatim text (tvz,hv)
\FV@CodeLineNo=\count292
\FV@InFile=\read3
\FV@TabBox=\box106
\c@FancyVerbLine=\count293
\FV@StepNumber=\count294
\FV@OutFile=\write3
)
(/usr/share/texlive/texmf-dist/tex/latex/base/alltt.sty
Package: alltt 2021/01/29 v2.0g defines alltt environment
)
(/usr/share/texlive/texmf-dist/tex/latex/upquote/upquote.sty
Package: upquote 2012/04/19 v1.3 upright-quote and grave-accent glyphs in verba
tim
)
\sphinxcontinuationbox=\box107
\sphinxvisiblespacebox=\box108
\sphinxVerbatim@TitleBox=\box109
\sphinxVerbatim@ContentsBox=\box110
)
(./sphinxlatexshadowbox.sty
Package: sphinxlatexshadowbox 2024/07/28 v8.1.0 sphinxShadowBox
) (./sphinxlatexcontainers.sty
Package: sphinxlatexcontainers 2021/05/03 containers
)
(./sphinxhighlight.sty
Package: sphinxhighlight 2022/06/30 stylesheet for highlighting with pygments
) (./sphinxlatextables.sty
Package: sphinxlatextables 2025/12/30 v9.1.0 tables

(/usr/share/texlive/texmf-dist/tex/latex/tabulary/tabulary.sty
Package: tabulary 2014/06/11 v0.10 tabulary package (DPC)

(/usr/share/texlive/texmf-dist/tex/latex/tools/array.sty
Package: array 2023/10/16 v2.5g Tabular extension package (FMi)
\col@sep=\dimen199
\ar@mcellbox=\box111
\extrarowheight=\dimen256
\NC@list=\toks30
\extratabsurround=\skip63
\backup@length=\skip64
\ar@cellbox=\box112
)
\TY@count=\count295
\TY@linewidth=\dimen257
\tymin=\dimen258
\tymax=\dimen259
\TY@tablewidth=\dimen260
)
(/usr/share/texlive/texmf-dist/tex/latex/tools/longtable.sty
Package: longtable 2023-11-01 v4.19 Multi-page Table package (DPC)
\LTleft=\skip65
\LTright=\skip66
\LTpre=\skip67
\LTpost=\skip68
\LTchunksize=\count296
\LTcapwidth=\dimen261
\LT@head=\box113
\LT@firsthead=\box114
\LT@foot=\box115
\LT@lastfoot=\box116
\LT@gbox=\box117
\LT@cols=\count297
\LT@rows=\count298
\c@LT@tables=\count299
\c@LT@chunks=\count300
\LT@p@ftn=\toks31
)
(/usr/share/texlive/texmf-dist/tex/latex/varwidth/varwidth.sty
Package: varwidth 2009/03/30 ver 0.92;  Variable-width minipages
\@vwid@box=\box118
\sift@deathcycles=\count301
\@vwid@loff=\dimen262
\@vwid@roff=\dimen263
)
\sphinx@TY@tablewidth=\dimen264

(/usr/share/texlive/texmf-dist/tex/latex/colortbl/colortbl.sty
Package: colortbl 2022/06/20 v1.0f Color table columns (DPC)
\everycr=\toks32
\minrowclearance=\skip69
\rownum=\count302
)
(/usr/share/texlive/texmf-dist/tex/latex/booktabs/booktabs.sty
Package: booktabs 2020/01/12 v1.61803398 Publication quality tables
\heavyrulewidth=\dimen265
\lightrulewidth=\dimen266
\cmidrulewidth=\dimen267
\belowrulesep=\dimen268
\belowbottomsep=\dimen269
\aboverulesep=\dimen270
\abovetopsep=\dimen271
\cmidrulesep=\dimen272
\cmidrulekern=\dimen273
\defaultaddspace=\dimen274
\@cmidla=\count303
\@cmidlb=\count304
\@aboverulesep=\dimen275
\@belowrulesep=\dimen276
\@thisruleclass=\count305
\@lastruleclass=\count306
\@thisrulewidth=\dimen277
))
(./sphinxlatexnumfig.sty
Package: sphinxlatexnumfig 2024/07/31 v8.1.0 numbering
) (./sphinxlatexlists.sty
Package: sphinxlatexlists 2021/12/20 lists
\spx@lineitemlabel=\toks33
)
\c@sphinxscope=\count307
 (./sphinxlatexindbibtoc.sty
Package: sphinxlatexindbibtoc 2021/01/27 index, bib., toc

(/usr/share/texlive/texmf-dist/tex/latex/base/makeidx.sty
Package: makeidx 2021/10/04 v1.0m Standard LaTeX package
))
(./sphinxlatexstylepage.sty
Package: sphinxlatexstylepage 2021/01/27 page styling

(/usr/share/texlive/texmf-dist/tex/latex/parskip/parskip.sty
Package: parskip 2021-03-14 v2.0h non-zero parskip adjustments

(/usr/share/texlive/texmf-dist/tex/latex/etoolbox/etoolbox.sty
Package: etoolbox 2020/10/05 v2.5k e-TeX tools for LaTeX (JAW)
\etb@tempcnta=\count308
))
(/usr/share/texlive/texmf-dist/tex/latex/fancyhdr/fancyhdr.sty
Package: fancyhdr 2022/11/09 v4.1 Extensive control of page headers and footers

\f@nch@headwidth=\skip70
\f@nch@O@elh=\skip71
\f@nch@O@erh=\skip72
\f@nch@O@olh=\skip73
\f@nch@O@orh=\skip74
\f@nch@O@elf=\skip75
\f@nch@O@erf=\skip76
\f@nch@O@olf=\skip77
\f@nch@O@orf=\skip78
))
(./sphinxlatexstyleheadings.sty
Package: sphinxlatexstyleheadings 2023/02/11 headings

(/usr/share/texlive/texmf-dist/tex/latex/titlesec/titlesec.sty
Package: titlesec 2023/10/27 v2.16 Sectioning titles
\ttl@box=\box119
\beforetitleunit=\skip79
\aftertitleunit=\skip80
\ttl@plus=\dimen278
\ttl@minus=\dimen279
\ttl@toksa=\toks34
\titlewidth=\dimen280
\titlewidthlast=\dimen281
\titlewidthfirst=\dimen282
))
(./sphinxlatexstyletext.sty
Package: sphinxlatexstyletext 2025/05/24 v9.0.0 text styling
) (./sphinxlatexobjects.sty
Package: sphinxlatexobjects 2025/06/06 documentation environments
\sphinxsignaturesep=\skip81
\sphinxsignaturelistskip=\skip82
\py@argswidth=\skip83
\lineblockindentation=\skip84
\DUlineblockindent=\skip85
)
\sphinxvwdimen=\dimen283
\sphinxvhdimen=\dimen284
\sphinxvmindimen=\dimen285
\sphinxvmaxdimen=\dimen286
\sphinxQdimen=\dimen287
)
(/usr/share/texlive/texmf-dist/tex/latex/geometry/geometry.sty
Package: geometry 2020/01/02 v5.9 Page Geometry

(/usr/share/texlive/texmf-dist/tex/generic/iftex/ifvtex.sty
Package: ifvtex 2019/10/25 v1.7 ifvtex legacy package. Use iftex instead.

(/usr/share/texlive/texmf-dist/tex/generic/iftex/iftex.sty
Package: iftex 2022/02/03 v1.0f TeX engine tests
))
\Gm@cnth=\count309
\Gm@cntv=\count310
\c@Gm@tempcnt=\count311
\Gm@bindingoffset=\dimen288
\Gm@wd@mp=\dimen289
\Gm@odd@mp=\dimen290
\Gm@even@mp=\dimen291
\Gm@layoutwidth=\dimen292
\Gm@layoutheight=\dimen293
\Gm@layouthoffset=\dimen294
\Gm@layoutvoffset=\dimen295
\Gm@dimlist=\toks35
)
(/usr/share/texlive/texmf-dist/tex/latex/hyperref/hyperref.sty
Package: hyperref 2024-01-20 v7.01h Hypertext links for LaTeX

(/usr/share/texlive/texmf-dist/tex/generic/kvdefinekeys/kvdefinekeys.sty
Package: kvdefinekeys 2019-12-19 v1.6 Define keys (HO)
)
(/usr/share/texlive/texmf-dist/tex/generic/pdfescape/pdfescape.sty
Package: pdfescape 2019/12/09 v1.15 Implements pdfTeX's escape features (HO)

(/usr/share/texlive/texmf-dist/tex/generic/pdftexcmds/pdftexcmds.sty
Package: pdftexcmds 2020-06-27 v0.33 Utility functions of pdfTeX for LuaTeX (HO
)

(/usr/share/texlive/texmf-dist/tex/generic/infwarerr/infwarerr.sty
Package: infwarerr 2019/12/03 v1.5 Providing info/warning/error messages (HO)
)
Package pdftexcmds Info: \pdf@primitive is available.
Package pdftexcmds Info: \pdf@ifprimitive is available.
Package pdftexcmds Info: \pdfdraftmode found.
))
(/usr/share/texlive/texmf-dist/tex/latex/hycolor/hycolor.sty
Package: hycolor 2020-01-27 v1.10 Color options for hyperref/bookmark (HO)
)
(/usr/share/texlive/texmf-dist/tex/latex/auxhook/auxhook.sty
Package: auxhook 2019-12-17 v1.6 Hooks for auxiliary files (HO)
)
(/usr/share/texlive/texmf-dist/tex/latex/hyperref/nameref.sty
Package: nameref 2023-11-26 v2.56 Cross-referencing by name of section

(/usr/share/texlive/texmf-dist/tex/latex/refcount/refcount.sty
Package: refcount 2019/12/15 v3.6 Data extraction from label references (HO)
)
(/usr/share/texlive/texmf-dist/tex/generic/gettitlestring/gettitlestring.sty
Package: gettitlestring 2019/12/15 v1.6 Cleanup title references (HO)
)
\c@section@level=\count312
)
\@linkdim=\dimen296
\Hy@linkcounter=\count313
\Hy@pagecounter=\count314

(/usr/share/texlive/texmf-dist/tex/latex/hyperref/pd1enc.def
File: pd1enc.def 2024-01-20 v7.01h Hyperref: PDFDocEncoding definition (HO)
Now handling font encoding PD1 ...
... no UTF-8 mapping file for font encoding PD1
)
(/usr/share/texlive/texmf-dist/tex/generic/intcalc/intcalc.sty
Package: intcalc 2019/12/15 v1.3 Expandable calculations with integers (HO)
)
\Hy@SavedSpaceFactor=\count315

(/usr/share/texlive/texmf-dist/tex/latex/hyperref/puenc.def
File: puenc.def 2024-01-20 v7.01h Hyperref: PDF Unicode definition (HO)
Now handling font encoding PU ...
... no UTF-8 mapping file for font encoding PU
)
Package hyperref Info: Option `unicode' set `true' on input line 4062.
Package hyperref Info: Option `colorlinks' set `true' on input line 4062.
Package hyperref Info: Option `breaklinks' set `true' on input line 4062.
Package hyperref Info: Hyper figures OFF on input line 4179.
Package hyperref Info: Link nesting OFF on input line 4184.
Package hyperref Info: Hyper index ON on input line 4187.
Package hyperref Info: Plain pages OFF on input line 4194.
Package hyperref Info: Backreferencing OFF on input line 4199.
Package hyperref Info: Implicit mode ON; LaTeX internals redefined.
Package hyperref Info: Bookmarks ON on input line 4446.
\c@Hy@tempcnt=\count316

(/usr/share/texlive/texmf-dist/tex/latex/url/url.sty
\Urlmuskip=\muskip17
Package: url 2013/09/16  ver 3.4  Verb mode for urls, etc.
)
LaTeX Info: Redefining \url on input line 4784.
\XeTeXLinkMargin=\dimen297

(/usr/share/texlive/texmf-dist/tex/generic/bitset/bitset.sty
Package: bitset 2019/12/09 v1.3 Handle bit-vector datatype (HO)

(/usr/share/texlive/texmf-dist/tex/generic/bigintcalc/bigintcalc.sty
Package: bigintcalc 2019/12/15 v1.5 Expandable calculations on big integers (HO
)
))
\Fld@menulength=\count317
\Field@Width=\dimen298
\Fld@charsize=\dimen299
Package hyperref Info: Hyper figures OFF on input line 6063.
Package hyperref Info: Link nesting OFF on input line 6068.
Package hyperref Info: Hyper index ON on input line 6071.
Package hyperref Info: backreferencing OFF on input line 6078.
Package hyperref Info: Link coloring ON on input line 6081.
Package hyperref Info: Link coloring with OCG OFF on input line 6088.
Package hyperref Info: PDF/A mode OFF on input line 6093.

(/usr/share/texlive/texmf-dist/tex/latex/base/atbegshi-ltx.sty
Package: atbegshi-ltx 2021/01/10 v1.0c Emulation of the original atbegshi
package with kernel methods
)
\Hy@abspage=\count318
\c@Item=\count319
\c@Hfootnote=\count320
)
Package hyperref Info: Driver (autodetected): hpdftex.

(/usr/share/texlive/texmf-dist/tex/latex/hyperref/hpdftex.def
File: hpdftex.def 2024-01-20 v7.01h Hyperref driver for pdfTeX

(/usr/share/texlive/texmf-dist/tex/latex/base/atveryend-ltx.sty
Package: atveryend-ltx 2020/08/19 v1.0a Emulation of the original atveryend pac
kage
with kernel methods
)
\Fld@listcount=\count321
\c@bookmark@seq@number=\count322

(/usr/share/texlive/texmf-dist/tex/latex/rerunfilecheck/rerunfilecheck.sty
Package: rerunfilecheck 2022-07-10 v1.10 Rerun checks for auxiliary files (HO)

(/usr/share/texlive/texmf-dist/tex/generic/uniquecounter/uniquecounter.sty
Package: uniquecounter 2019/12/15 v1.4 Provide unlimited unique counter (HO)
)
Package uniquecounter Info: New unique counter `rerunfilecheck' on input line 2
85.
)
\Hy@SectionHShift=\skip86
)
(/usr/share/texlive/texmf-dist/tex/latex/oberdiek/hypcap.sty
Package: hypcap 2016/05/16 v1.12 Adjusting the anchors of captions (HO)

(/usr/share/texlive/texmf-dist/tex/latex/letltxmacro/letltxmacro.sty
Package: letltxmacro 2019/12/03 v1.6 Let assignment for LaTeX macros (HO)
))
(./sphinxmessages.sty
Package: sphinxmessages 2019/01/04 v2.0 Localized LaTeX macros (Sphinx team)
)
\@indexfile=\write4
\openout4 = `nirfasterff.idx'.


Writing index file nirfasterff.idx
LaTeX Font Info:    Trying to load font information for T1+qtm on input line 73
.
(/usr/share/texmf/tex/latex/tex-gyre/t1qtm.fd
File: t1qtm.fd 2009/09/25 v1.2 font definition file for T1/qtm
)
(/usr/share/texlive/texmf-dist/tex/latex/l3backend/l3backend-pdftex.def
File: l3backend-pdftex.def 2024-01-04 L3 backend support: PDF output (pdfTeX)
\l__color_backend_stack_int=\count323
\l__pdf_internal_box=\box120
)
(./nirfasterff.aux)
\openout1 = `nirfasterff.aux'.

LaTeX Font Info:    Checking defaults for OML/cmm/m/it on input line 73.
LaTeX Font Info:    ... okay on input line 73.
LaTeX Font Info:    Checking defaults for OMS/cmsy/m/n on input line 73.
LaTeX Font Info:    ... okay on input line 73.
LaTeX Font Info:    Checking defaults for OT1/cmr/m/n on input line 73.
LaTeX Font Info:    ... okay on input line 73.
LaTeX Font Info:    Checking defaults for T1/cmr/m/n on input line 73.
LaTeX Font Info:    ... okay on input line 73.
LaTeX Font Info:    Checking defaults for TS1/cmr/m/n on input line 73.
LaTeX Font Info:    ... okay on input line 73.
LaTeX Font Info:    Checking defaults for OMX/cmex/m/n on input line 73.
LaTeX Font Info:    ... okay on input line 73.
LaTeX Font Info:    Checking defaults for U/cmr/m/n on input line 73.
LaTeX Font Info:    ... okay on input line 73.
LaTeX Font Info:    Checking defaults for PD1/pdf/m/n on input line 73.
LaTeX Font Info:    ... okay on input line 73.
LaTeX Font Info:    Checking defaults for PU/pdf/m/n on input line 73.
LaTeX Font Info:    ... okay on input line 73.

(/usr/share/texlive/texmf-dist/tex/context/base/mkii/supp-pdf.mkii
[Loading MPS to PDF converter (version 2006.09.02).]
\scratchcounter=\count324
\scratchdimen=\dimen300
\scratchbox=\box121
\nofMPsegments=\count325
\nofMParguments=\count326
\everyMPshowfont=\toks36
\MPscratchCnt=\count327
\MPscratchDim=\dimen301
\MPnumerator=\count328
\makeMPintoPDFobject=\count329
\everyMPtoPDFconversion=\toks37
) (/usr/share/texlive/texmf-dist/tex/latex/epstopdf-pkg/epstopdf-base.sty
Package: epstopdf-base 2020-01-24 v2.11 Base part for package epstopdf
Package epstopdf-base Info: Redefining graphics rule for `.eps' on input line 4
85.

(/usr/share/texlive/texmf-dist/tex/latex/latexconfig/epstopdf-sys.cfg
File: epstopdf-sys.cfg 2010/07/13 v1.3 Configuration of (r)epstopdf for TeX Liv
e
))
\c@literalblock=\count330

*geometry* driver: auto-detecting
*geometry* detected driver: pdftex
*geometry* verbose mode - [ preamble ] result:
* driver: pdftex
* paper: letterpaper
* layout: <same size as paper>
* layoutoffset:(h,v)=(0.0pt,0.0pt)
* modes: twoside 
* h-part:(L,W,R)=(72.26999pt, 469.75502pt, 72.26999pt)
* v-part:(T,H,B)=(72.26999pt, 650.43001pt, 72.26999pt)
* \paperwidth=614.295pt
* \paperheight=794.96999pt
* \textwidth=469.75502pt
* \textheight=650.43001pt
* \oddsidemargin=0.0pt
* \evensidemargin=0.0pt
* \topmargin=-37.0pt
* \headheight=12.0pt
* \headsep=25.0pt
* \topskip=10.0pt
* \footskip=30.0pt
* \marginparwidth=36.135pt
* \marginparsep=11.0pt
* \columnsep=10.0pt
* \skip\footins=9.0pt plus 4.0pt minus 2.0pt
* \hoffset=0.0pt
* \voffset=0.0pt
* \mag=1000
* \@twocolumnfalse
* \@twosidetrue
* \@mparswitchtrue
* \@reversemarginfalse
* (1in=72.27pt=25.4mm, 1cm=28.453pt)

Package hyperref Info: Link coloring ON on input line 73.
(./nirfasterff.out) (./nirfasterff.out)
\@outlinefile=\write5
\openout5 = `nirfasterff.out'.

Package hyperref Info: Option `pageanchor' set `false' on input line 81.
LaTeX Font Info:    Trying to load font information for T1+qhv on input line 81
.

(/usr/share/texmf/tex/latex/tex-gyre/t1qhv.fd
File: t1qhv.fd 2009/09/25 v1.2 font definition file for T1/qhv
)<<ot1.cmap>><<oml.cmap>><<oms.cmap>><<omx.cmap>>
LaTeX Font Info:    Trying to load font information for U+msa on input line 81.

 (/usr/share/texlive/texmf-dist/tex/latex/amsfonts/umsa.fd
File: umsa.fd 2013/01/14 v3.01 AMS symbols A
)
LaTeX Font Info:    Trying to load font information for U+msb on input line 81.


(/usr/share/texlive/texmf-dist/tex/latex/amsfonts/umsb.fd
File: umsb.fd 2013/01/14 v3.01 AMS symbols B
) [1

{/var/lib/texmf/fonts/map/pdftex/updmap/pdftex.map}{/usr/share/texmf/fonts/enc/
dvips/tex-gyre/q-ec.enc}] [2


] (./nirfasterff.toc)
\tf@toc=\write6
\openout6 = `nirfasterff.toc'.

 [1

] [2

] [1] [2

]
Chapter 1.
[3] [4

]
Chapter 2.
[5] [6

]
Chapter 3.
[7] [8

]
Chapter 4.
LaTeX Font Info:    Trying to load font information for T1+txtt on input line 1
87.
(/usr/share/texlive/texmf-dist/tex/latex/txfonts/t1txtt.fd
File: t1txtt.fd 2000/12/15 v3.1
)
LaTeX Font Info:    Font shape `T1/txtt/m/it' in size <10> not available
(Font)              Font shape `T1/txtt/m/sl' tried instead on input line 187.
 [9]
LaTeX Font Info:    Font shape `T1/txtt/b/n' in size <10> not available
(Font)              Font shape `T1/txtt/bx/n' tried instead on input line 538.
 [10] [11]
[12] [13] [14] [15] [16] [17] [18] [19] [20] [21] [22] [23] [24] [25]
LaTeX Font Info:    Trying to load font information for TS1+qtm on input line 3
734.

(/usr/share/texmf/tex/latex/tex-gyre/ts1qtm.fd
File: ts1qtm.fd 2009/09/25 v1.2 font definition file for TS1/qtm
)
Underfull \hbox (badness 6016) in paragraph at lines 3821--3823
[]\T1/qtm/m/n/10 Con-vert at-tributed spec-i-fied by \TS1/qtm/m/n/10 '\T1/qtm/m
/n/10 field\TS1/qtm/m/n/10 ' \T1/qtm/m/n/10 to voxel
 []


Underfull \hbox (badness 6001) in paragraph at lines 3821--3823
\T1/qtm/m/n/10 mesh.gen_intmat() OR mesh.voxelize() must be
 []

[26{/usr/share/texmf/fonts/enc/dvips/tex-gyre/q-ts1.enc}] [27]
LaTeX Font Info:    Trying to load font information for TS1+txtt on input line 
4050.

(/usr/share/texlive/texmf-dist/tex/latex/txfonts/ts1txtt.fd
File: ts1txtt.fd 2000/12/15 v3.1
)
Underfull \hbox (badness 6125) in paragraph at lines 4064--4067
\T1/qtm/m/n/10 Con-struct mesh from a la-beled 2D im-age us-ing the Jonathan Sh
ewchuk's Tri-an-gle. Calls
 []


Underfull \hbox (badness 10000) in paragraph at lines 4074--4078
[]\T1/txtt/bx/n/10 param \T1/qtm/m/n/10 ([][]\T1/txtt/m/n/10 nirfasterff.utils.
MeshingParams2D[][]\T1/txtt/m/sl/10 , optional\T1/qtm/m/n/10 ) ^^U pa-ram-e-ter
s
 []

[28] [29] [30] [31] [32] [33] [34] [35] [36]
Underfull \hbox (badness 6016) in paragraph at lines 5600--5602
[]\T1/qtm/m/n/10 Con-vert at-tributed spec-i-fied by \TS1/qtm/m/n/10 '\T1/qtm/m
/n/10 field\TS1/qtm/m/n/10 ' \T1/qtm/m/n/10 to voxel
 []


Underfull \hbox (badness 6001) in paragraph at lines 5600--5602
\T1/qtm/m/n/10 mesh.gen_intmat() OR mesh.voxelize() must be
 []

[37] [38] [39] [40]
Underfull \hbox (badness 10000) in paragraph at lines 6064--6068
[]\T1/txtt/bx/n/10 param \T1/qtm/m/n/10 ([][]\T1/txtt/m/n/10 nirfasterff.utils.
MeshingParams2D[][]\T1/txtt/m/sl/10 , optional\T1/qtm/m/n/10 ) ^^U pa-ram-e-ter
s
 []

[41] [42] [43] [44] [45] [46] [47]
Underfull \hbox (badness 6016) in paragraph at lines 7063--7065
[]\T1/qtm/m/n/10 Con-vert at-tributed spec-i-fied by \TS1/qtm/m/n/10 '\T1/qtm/m
/n/10 field\TS1/qtm/m/n/10 ' \T1/qtm/m/n/10 to voxel
 []


Underfull \hbox (badness 6001) in paragraph at lines 7063--7065
\T1/qtm/m/n/10 mesh.gen_intmat() OR mesh.voxelize() must be
 []

[48] [49] [50] [51] [52] [53] [54]
Underfull \hbox (badness 6016) in paragraph at lines 8455--8457
[]\T1/qtm/m/n/10 Con-vert at-tributed spec-i-fied by \TS1/qtm/m/n/10 '\T1/qtm/m
/n/10 field\TS1/qtm/m/n/10 ' \T1/qtm/m/n/10 to voxel
 []


Underfull \hbox (badness 6001) in paragraph at lines 8455--8457
\T1/qtm/m/n/10 mesh.gen_intmat() OR mesh.voxelize() must be
 []

[55] [56] [57] [58]
Underfull \hbox (badness 6125) in paragraph at lines 8857--8860
\T1/qtm/m/n/10 Con-struct mesh from a la-beled 2D im-age us-ing the Jonathan Sh
ewchuk's Tri-an-gle. Calls
 []


Underfull \hbox (badness 10000) in paragraph at lines 8867--8871
[]\T1/txtt/bx/n/10 param \T1/qtm/m/n/10 ([][]\T1/txtt/m/n/10 nirfasterff.utils.
MeshingParams2D[][]\T1/txtt/m/sl/10 , optional\T1/qtm/m/n/10 ) ^^U pa-ram-e-ter
s
 []

[59] [60] [61] [62] [63] [64] [65] [66] [67] [68]
Underfull \hbox (badness 5637) in paragraph at lines 10300--10302
[]\T1/qtm/m/n/10 For-ward mod-el-ing cal-cu-lat-ing TR mo-ments us-ing
 []


Underfull \hbox (badness 10000) in paragraph at lines 10339--10341
[][][]\T1/txtt/m/sl/10 femdata_stnd_TR_moments[][]\T1/qtm/m/n/10 (mesh[, max_mo
ments,
 []


Underfull \hbox (badness 5637) in paragraph at lines 10344--10346
[]\T1/qtm/m/n/10 For-ward mod-el-ing cal-cu-lat-ing TR mo-ments us-ing
 []

[69] [70] [71] [72] [73] [74] [75] [76] [77] [78] [79] [80] [81] [82] [83]
[84]
Underfull \hbox (badness 7944) in paragraph at lines 12493--12495
[]\T1/qtm/m/n/10 Int-Grad-Grid(arg0: numpy.ndarray[numpy.complex128[m, n], flag
s.writeable, flags.c_contiguous],
 []


Underfull \hbox (badness 10000) in paragraph at lines 12493--12495
\T1/qtm/m/n/10 arg1: numpy.ndarray[numpy.complex128[m, n], flags.writeable, fla
gs.c_contiguous],
 []


Underfull \hbox (badness 10000) in paragraph at lines 12493--12495
\T1/qtm/m/n/10 arg2: numpy.ndarray[numpy.complex128[m, n], flags.writeable, fla
gs.c_contiguous],
 []


Underfull \hbox (badness 10000) in paragraph at lines 12493--12495
\T1/qtm/m/n/10 arg3: numpy.ndarray[numpy.complex128[m, n], flags.writeable, fla
gs.c_contiguous],
 []


Underfull \hbox (badness 10000) in paragraph at lines 12493--12495
\T1/qtm/m/n/10 arg4: numpy.ndarray[numpy.complex128[m, n], flags.writeable, fla
gs.c_contiguous],
 []


Underfull \hbox (badness 10000) in paragraph at lines 12493--12495
\T1/qtm/m/n/10 arg5: numpy.ndarray[numpy.complex128[m, n], flags.writeable, fla
gs.c_contiguous], arg6:
 []


Underfull \hbox (badness 10000) in paragraph at lines 12493--12495
\T1/qtm/m/n/10 numpy.ndarray[numpy.int32[m, n], flags.writeable, flags.c_contig
uous], arg7: int) ->
 []


Underfull \hbox (badness 10000) in paragraph at lines 12497--12499
[]\T1/qtm/m/n/10 Int-Grad-Grid(arg0: numpy.ndarray[numpy.float64[m, n], flags.w
riteable, flags.c_contiguous],
 []


Underfull \hbox (badness 10000) in paragraph at lines 12497--12499
\T1/qtm/m/n/10 arg1: numpy.ndarray[numpy.float64[m, n], flags.writeable, flags.
c_contiguous],
 []


Underfull \hbox (badness 10000) in paragraph at lines 12497--12499
\T1/qtm/m/n/10 arg2: numpy.ndarray[numpy.float64[m, n], flags.writeable, flags.
c_contiguous],
 []


Underfull \hbox (badness 10000) in paragraph at lines 12497--12499
\T1/qtm/m/n/10 arg3: numpy.ndarray[numpy.float64[m, n], flags.writeable, flags.
c_contiguous],
 []


Underfull \hbox (badness 10000) in paragraph at lines 12497--12499
\T1/qtm/m/n/10 arg4: numpy.ndarray[numpy.float64[m, n], flags.writeable, flags.
c_contiguous],
 []


Underfull \hbox (badness 10000) in paragraph at lines 12497--12499
\T1/qtm/m/n/10 arg5: numpy.ndarray[numpy.float64[m, n], flags.writeable, flags.
c_contiguous], arg6:
 []


Underfull \hbox (badness 10000) in paragraph at lines 12497--12499
\T1/qtm/m/n/10 numpy.ndarray[numpy.int32[m, n], flags.writeable, flags.c_contig
uous], arg7: int) ->
 []

[85]
Underfull \hbox (badness 10000) in paragraph at lines 12524--12526
[]\T1/qtm/m/n/10 Int-Grid(arg0: numpy.ndarray[numpy.complex128[m, n], flags.wri
teable, flags.c_contiguous],
 []


Underfull \hbox (badness 10000) in paragraph at lines 12524--12526
\T1/qtm/m/n/10 arg1: numpy.ndarray[numpy.complex128[m, n], flags.writeable, fla
gs.c_contiguous],
 []


Underfull \hbox (badness 10000) in paragraph at lines 12524--12526
\T1/qtm/m/n/10 arg2: numpy.ndarray[numpy.int32[m, n], flags.writeable, flags.c_
contiguous]) ->
 []


Underfull \hbox (badness 10000) in paragraph at lines 12528--12530
[]\T1/qtm/m/n/10 Int-Grid(arg0: numpy.ndarray[numpy.float64[m, n], flags.writea
ble, flags.c_contiguous],
 []


Underfull \hbox (badness 10000) in paragraph at lines 12528--12530
\T1/qtm/m/n/10 arg1: numpy.ndarray[numpy.float64[m, n], flags.writeable, flags.
c_contiguous],
 []


Underfull \hbox (badness 10000) in paragraph at lines 12528--12530
\T1/qtm/m/n/10 arg2: numpy.ndarray[numpy.int32[m, n], flags.writeable, flags.c_
contiguous]) ->
 []


Underfull \hbox (badness 10000) in paragraph at lines 12589--12591
[]\T1/qtm/m/n/10 gen_source_fl(arg0: numpy.ndarray[numpy.float64[m, n], flags.w
riteable, flags.c_contiguous],
 []


Underfull \hbox (badness 10000) in paragraph at lines 12589--12591
\T1/qtm/m/n/10 arg1: numpy.ndarray[numpy.float64[m, n], flags.writeable, flags.
c_contiguous],
 []


Underfull \hbox (badness 10000) in paragraph at lines 12589--12591
\T1/qtm/m/n/10 arg2: numpy.ndarray[numpy.float64[m, n], flags.writeable, flags.
c_contiguous]) ->
 []


Underfull \hbox (badness 10000) in paragraph at lines 12593--12595
[]\T1/qtm/m/n/10 gen_source_fl(arg0: numpy.ndarray[numpy.float64[m, n], flags.w
riteable, flags.c_contiguous],
 []


Underfull \hbox (badness 10000) in paragraph at lines 12593--12595
\T1/qtm/m/n/10 arg1: numpy.ndarray[numpy.float64[m, n], flags.writeable, flags.
c_contiguous], arg2:
 []


Underfull \hbox (badness 10000) in paragraph at lines 12593--12595
\T1/qtm/m/n/10 numpy.ndarray[numpy.complex128[m, n], flags.writeable, flags.c_c
ontiguous]) ->
 []

[86]
Underfull \hbox (badness 10000) in paragraph at lines 12620--12622
[]\T1/qtm/m/n/10 get_field_CW(arg0: numpy.ndarray[numpy.int32[m, 1], flags.writ
eable], arg1:
 []


Underfull \hbox (badness 10000) in paragraph at lines 12620--12622
\T1/qtm/m/n/10 numpy.ndarray[numpy.int32[m, 1], flags.writeable], arg2: numpy.n
darray[numpy.float64[m, 1],
 []


Underfull \hbox (badness 10000) in paragraph at lines 12624--12626
[]\T1/qtm/m/n/10 get_field_CW(arg0: numpy.ndarray[numpy.int32[m, 1], flags.writ
eable], arg1:
 []


Underfull \hbox (badness 10000) in paragraph at lines 12624--12626
\T1/qtm/m/n/10 numpy.ndarray[numpy.int32[m, 1], flags.writeable], arg2: numpy.n
darray[numpy.float64[m, 1],
 []


Underfull \hbox (badness 10000) in paragraph at lines 12624--12626
\T1/qtm/m/n/10 flags.writeable], arg3: numpy.ndarray[numpy.float64[m, n], flags
.writeable, flags.c_contiguous],
 []


Underfull \hbox (badness 10000) in paragraph at lines 12651--12653
[]\T1/qtm/m/n/10 get_field_FD(arg0: numpy.ndarray[numpy.int32[m, 1], flags.writ
eable], arg1:
 []


Underfull \hbox (badness 10000) in paragraph at lines 12655--12657
[]\T1/qtm/m/n/10 get_field_FD(arg0: numpy.ndarray[numpy.int32[m, 1], flags.writ
eable], arg1:
 []


Underfull \hbox (badness 10000) in paragraph at lines 12682--12684
[]\T1/qtm/m/n/10 get_field_TR(arg0: numpy.ndarray[numpy.int32[m, 1], flags.writ
eable], arg1:
 []


Underfull \hbox (badness 10000) in paragraph at lines 12682--12684
\T1/qtm/m/n/10 numpy.ndarray[numpy.int32[m, 1], flags.writeable], arg2: numpy.n
darray[numpy.float64[m,
 []


Underfull \hbox (badness 10000) in paragraph at lines 12682--12684
\T1/qtm/m/n/10 1], flags.writeable], arg3: numpy.ndarray[numpy.float64[m, 1], f
lags.writeable], arg4:
 []


Underfull \hbox (badness 10000) in paragraph at lines 12686--12688
[]\T1/qtm/m/n/10 get_field_TR(arg0: numpy.ndarray[numpy.int32[m, 1], flags.writ
eable], arg1:
 []


Underfull \hbox (badness 10000) in paragraph at lines 12686--12688
\T1/qtm/m/n/10 numpy.ndarray[numpy.int32[m, 1], flags.writeable], arg2: numpy.n
darray[numpy.float64[m,
 []


Underfull \hbox (badness 10000) in paragraph at lines 12686--12688
\T1/qtm/m/n/10 1], flags.writeable], arg3: numpy.ndarray[numpy.float64[m, 1], f
lags.writeable], arg4:
 []


Underfull \hbox (badness 10000) in paragraph at lines 12686--12688
\T1/qtm/m/n/10 numpy.ndarray[numpy.float64[m, n], flags.writeable, flags.c_cont
iguous], arg5: int, max_iter:
 []


Underfull \hbox (badness 10000) in paragraph at lines 12686--12688
\T1/qtm/m/n/10 int = 1000, Ab-so-lute-Tol-er-ance: float = 1e-12, Rel-a-tive-To
l-er-ance: float = 1e-12, di-ver-
 []

[87]
Overfull \hbox (4.45914pt too wide) in paragraph at lines 12706--12706
\T1/qtm/m/n/10 list[[][]\T1/qtm/m/it/10 nirfasterff.lib.nirfasterff_cpu.Converg
enceInfoCPU[][]\T1/qtm/m/n/10 ]]|  
 []


Overfull \hbox (46.45901pt too wide) in paragraph at lines 12723--12723
\T1/qtm/m/n/10 list[[][]\T1/qtm/m/it/10 nirfasterff.lib.nirfasterff_cpu.Converg
enceInfoCPU[][]\T1/qtm/m/n/10 ]]|  
 []


Underfull \hbox (badness 10000) in paragraph at lines 12747--12749
[]\T1/qtm/m/n/10 get_field_TR_moments(arg0: numpy.ndarray[numpy.int32[m, 1], fl
ags.writeable], arg1:
 []


Underfull \hbox (badness 10000) in paragraph at lines 12747--12749
\T1/qtm/m/n/10 numpy.ndarray[numpy.int32[m, 1], flags.writeable], arg2: numpy.n
darray[numpy.float64[m,
 []


Underfull \hbox (badness 10000) in paragraph at lines 12747--12749
\T1/qtm/m/n/10 1], flags.writeable], arg3: numpy.ndarray[numpy.float64[m, 1], f
lags.writeable], arg4:
 []


Underfull \hbox (badness 10000) in paragraph at lines 12751--12753
[]\T1/qtm/m/n/10 get_field_TR_moments(arg0: numpy.ndarray[numpy.int32[m, 1], fl
ags.writeable], arg1:
 []


Underfull \hbox (badness 10000) in paragraph at lines 12751--12753
\T1/qtm/m/n/10 numpy.ndarray[numpy.int32[m, 1], flags.writeable], arg2: numpy.n
darray[numpy.float64[m,
 []


Underfull \hbox (badness 10000) in paragraph at lines 12751--12753
\T1/qtm/m/n/10 1], flags.writeable], arg3: numpy.ndarray[numpy.float64[m, 1], f
lags.writeable], arg4:
 []


Underfull \hbox (badness 10000) in paragraph at lines 12751--12753
\T1/qtm/m/n/10 numpy.ndarray[numpy.float64[m, n], flags.writeable, flags.c_cont
iguous], arg5: int, max_iter:
 []


Underfull \hbox (badness 10000) in paragraph at lines 12751--12753
\T1/qtm/m/n/10 int = 1000, Ab-so-lute-Tol-er-ance: float = 1e-12, Rel-a-tive-To
l-er-ance: float = 1e-12, di-ver-
 []

[88] [89] [90]
Underfull \hbox (badness 10000) in paragraph at lines 13205--13207
[]\T1/qtm/m/n/10 gen_source_fl(arg0: numpy.ndarray[numpy.float64[m, n], flags.w
riteable, flags.c_contiguous],
 []


Underfull \hbox (badness 10000) in paragraph at lines 13205--13207
\T1/qtm/m/n/10 arg1: numpy.ndarray[numpy.float64[m, n], flags.writeable, flags.
c_contiguous], arg2:
 []


Underfull \hbox (badness 10000) in paragraph at lines 13205--13207
\T1/qtm/m/n/10 numpy.ndarray[numpy.float64[m, n], flags.writeable, flags.c_cont
iguous], GPU: int = -1) ->
 []


Underfull \hbox (badness 10000) in paragraph at lines 13209--13211
[]\T1/qtm/m/n/10 gen_source_fl(arg0: numpy.ndarray[numpy.float64[m, n], flags.w
riteable, flags.c_contiguous],
 []


Underfull \hbox (badness 10000) in paragraph at lines 13209--13211
\T1/qtm/m/n/10 arg1: numpy.ndarray[numpy.float64[m, n], flags.writeable, flags.
c_contiguous], arg2:
 []


Underfull \hbox (badness 10000) in paragraph at lines 13236--13238
[]\T1/qtm/m/n/10 get_field_CW(arg0: numpy.ndarray[numpy.int32[m, 1], flags.writ
eable], arg1:
 []


Underfull \hbox (badness 10000) in paragraph at lines 13236--13238
\T1/qtm/m/n/10 numpy.ndarray[numpy.int32[m, 1], flags.writeable], arg2: numpy.n
darray[numpy.float64[m, 1],
 []


Underfull \hbox (badness 10000) in paragraph at lines 13240--13242
[]\T1/qtm/m/n/10 get_field_CW(arg0: numpy.ndarray[numpy.int32[m, 1], flags.writ
eable], arg1:
 []


Underfull \hbox (badness 10000) in paragraph at lines 13240--13242
\T1/qtm/m/n/10 numpy.ndarray[numpy.int32[m, 1], flags.writeable], arg2: numpy.n
darray[numpy.float64[m, 1],
 []


Underfull \hbox (badness 10000) in paragraph at lines 13240--13242
\T1/qtm/m/n/10 flags.writeable], arg3: numpy.ndarray[numpy.float64[m, n], flags
.writeable, flags.c_contiguous],
 []

[91]
Underfull \hbox (badness 10000) in paragraph at lines 13267--13269
[]\T1/qtm/m/n/10 get_field_FD(arg0: numpy.ndarray[numpy.int32[m, 1], flags.writ
eable], arg1:
 []


Underfull \hbox (badness 10000) in paragraph at lines 13271--13273
[]\T1/qtm/m/n/10 get_field_FD(arg0: numpy.ndarray[numpy.int32[m, 1], flags.writ
eable], arg1:
 []


Underfull \hbox (badness 10000) in paragraph at lines 13298--13300
[]\T1/qtm/m/n/10 get_field_TR(arg0: numpy.ndarray[numpy.int32[m, 1], flags.writ
eable], arg1:
 []


Underfull \hbox (badness 10000) in paragraph at lines 13298--13300
\T1/qtm/m/n/10 numpy.ndarray[numpy.int32[m, 1], flags.writeable], arg2: numpy.n
darray[numpy.float64[m,
 []


Underfull \hbox (badness 10000) in paragraph at lines 13298--13300
\T1/qtm/m/n/10 1], flags.writeable], arg3: numpy.ndarray[numpy.float64[m, 1], f
lags.writeable], arg4:
 []


Underfull \hbox (badness 10000) in paragraph at lines 13302--13304
[]\T1/qtm/m/n/10 get_field_TR(arg0: numpy.ndarray[numpy.int32[m, 1], flags.writ
eable], arg1:
 []


Underfull \hbox (badness 10000) in paragraph at lines 13302--13304
\T1/qtm/m/n/10 numpy.ndarray[numpy.int32[m, 1], flags.writeable], arg2: numpy.n
darray[numpy.float64[m,
 []


Underfull \hbox (badness 10000) in paragraph at lines 13302--13304
\T1/qtm/m/n/10 1], flags.writeable], arg3: numpy.ndarray[numpy.float64[m, 1], f
lags.writeable], arg4:
 []


Underfull \hbox (badness 10000) in paragraph at lines 13302--13304
\T1/qtm/m/n/10 numpy.ndarray[numpy.float64[m, n], flags.writeable, flags.c_cont
iguous], arg5: int, max_iter:
 []


Underfull \hbox (badness 10000) in paragraph at lines 13302--13304
\T1/qtm/m/n/10 int = 1000, Ab-so-lute-Tol-er-ance: float = 1e-12, Rel-a-tive-To
l-er-ance: float = 1e-12, di-ver-
 []


Underfull \hbox (badness 7963) in paragraph at lines 13302--13304
\T1/qtm/m/n/10 gence: float = 100000000.0, GPU: int = -1) -> tu-ple[numpy.ndarr
ay[numpy.float64[m, n]],
 []


Overfull \hbox (15.25912pt too wide) in paragraph at lines 13322--13322
\T1/qtm/m/n/10 list[[][]\T1/qtm/m/it/10 nirfasterff.lib.nirfasterff_cuda.Conver
genceInfoGPU[][]\T1/qtm/m/n/10 ]]|  
 []

[92]
Overfull \hbox (57.259pt too wide) in paragraph at lines 13339--13339
\T1/qtm/m/n/10 list[[][]\T1/qtm/m/it/10 nirfasterff.lib.nirfasterff_cuda.Conver
genceInfoGPU[][]\T1/qtm/m/n/10 ]]|  
 []


Underfull \hbox (badness 10000) in paragraph at lines 13363--13365
[]\T1/qtm/m/n/10 get_field_TR_moments(arg0: numpy.ndarray[numpy.int32[m, 1], fl
ags.writeable], arg1:
 []


Underfull \hbox (badness 10000) in paragraph at lines 13363--13365
\T1/qtm/m/n/10 numpy.ndarray[numpy.int32[m, 1], flags.writeable], arg2: numpy.n
darray[numpy.float64[m,
 []


Underfull \hbox (badness 10000) in paragraph at lines 13363--13365
\T1/qtm/m/n/10 1], flags.writeable], arg3: numpy.ndarray[numpy.float64[m, 1], f
lags.writeable], arg4:
 []


Underfull \hbox (badness 10000) in paragraph at lines 13367--13369
[]\T1/qtm/m/n/10 get_field_TR_moments(arg0: numpy.ndarray[numpy.int32[m, 1], fl
ags.writeable], arg1:
 []


Underfull \hbox (badness 10000) in paragraph at lines 13367--13369
\T1/qtm/m/n/10 numpy.ndarray[numpy.int32[m, 1], flags.writeable], arg2: numpy.n
darray[numpy.float64[m,
 []


Underfull \hbox (badness 10000) in paragraph at lines 13367--13369
\T1/qtm/m/n/10 1], flags.writeable], arg3: numpy.ndarray[numpy.float64[m, 1], f
lags.writeable], arg4:
 []


Underfull \hbox (badness 10000) in paragraph at lines 13367--13369
\T1/qtm/m/n/10 numpy.ndarray[numpy.float64[m, n], flags.writeable, flags.c_cont
iguous], arg5: int, max_iter:
 []


Underfull \hbox (badness 10000) in paragraph at lines 13367--13369
\T1/qtm/m/n/10 int = 1000, Ab-so-lute-Tol-er-ance: float = 1e-12, Rel-a-tive-To
l-er-ance: float = 1e-12, di-ver-
 []


Underfull \hbox (badness 7963) in paragraph at lines 13367--13369
\T1/qtm/m/n/10 gence: float = 100000000.0, GPU: int = -1) -> tu-ple[numpy.ndarr
ay[numpy.float64[m, n]],
 []

[93] [94] [95] [96] [97]
Underfull \hbox (badness 10000) in paragraph at lines 14123--14127
[]\T1/txtt/bx/n/10 qvec \T1/qtm/m/n/10 (\T1/txtt/m/sl/10 complex double NumPy a
rray, or Scipy CSC sparse matrix\T1/qtm/m/n/10 ) ^^U The
 []

[98] [99] [100] [101]
Underfull \hbox (badness 10000) in paragraph at lines 14639--14643
[]\T1/txtt/bx/n/10 mx \T1/qtm/m/n/10 (\T1/txtt/m/sl/10 double NumPy array\T1/qt
m/m/n/10 ) ^^U mo-ments of the ex-ci-ta-tion. Size (NN-odes,
 []

[102] [103] [104] [105] [106] [107] [108] [109] [110] [111] [112]
Underfull \hbox (badness 10000) in paragraph at lines 16360--16362
[]\T1/txtt/bx/n/10 mesh \T1/qtm/m/n/10 (\T1/txtt/m/sl/10 nirfasterff.base.stndm
esh or nirfasterff.base.fluormesh or
 []

[113] [114] [115]
Underfull \hbox (badness 10000) in paragraph at lines 16719--16721
\T1/qtm/m/n/10 This is mod-i-fied from Joshua Shaf-fer's code, avail-able at: [
][]$https : / / gist . github . com / joshuasha^^[er /
 []

[116] [117] [118] [119] [120] [121]
LaTeX Font Info:    Font shape `TS1/txtt/m/it' in size <10> not available
(Font)              Font shape `TS1/txtt/m/sl' tried instead on input line 1.
 [122{/usr/share/texlive/texmf-dist/fonts/enc/dvips/base/8r.enc}]
Underfull \hbox (badness 10000) in paragraph at lines 18031--18033
\T1/qtm/m/n/10 <[][]$https : / / plotly . com / python / 3d-[]volume-[]plots/$[
][]> <[][]$https : / / plotly . com / python-[]api-[]reference / generated /
 []

[123] [124

] [125


] (./nirfasterff.ind [126


]
Underfull \hbox (badness 5519) in paragraph at lines 11--12
[]\T1/txtt/m/n/10 __init__() \T1/qtm/m/n/10 (\T1/qtm/m/it/10 nir-fasterff.base.
data.TPSFdata method\T1/qtm/m/n/10 ),
 []


Underfull \hbox (badness 10000) in paragraph at lines 12--14
[]\T1/txtt/m/n/10 __init__() \T1/qtm/m/n/10 (\T1/qtm/m/it/10 nir-fasterff.base.
data.TRMomentsdata
 []


Underfull \hbox (badness 10000) in paragraph at lines 15--17
[]\T1/txtt/m/n/10 __init__() \T1/qtm/m/n/10 (\T1/qtm/m/it/10 nir-fasterff.base.
data.flTRMomentsdata
 []


Underfull \hbox (badness 10000) in paragraph at lines 18--20
[]\T1/txtt/m/n/10 __init__() \T1/qtm/m/n/10 (\T1/qtm/m/it/10 nir-fasterff.base.
dcs_mesh.dcsmesh
 []


Underfull \hbox (badness 10000) in paragraph at lines 20--22
[]\T1/txtt/m/n/10 __init__() \T1/qtm/m/n/10 (\T1/qtm/m/it/10 nir-fasterff.base.
fluor_mesh.fluormesh
 []


Underfull \hbox (badness 6445) in paragraph at lines 23--24
[]\T1/txtt/m/n/10 __init__() \T1/qtm/m/n/10 (\T1/qtm/m/it/10 nir-fasterff.base.
optodes.optode method\T1/qtm/m/n/10 ),
 []


Underfull \hbox (badness 10000) in paragraph at lines 24--26
[]\T1/txtt/m/n/10 __init__() \T1/qtm/m/n/10 (\T1/qtm/m/it/10 nir-fasterff.base.
stnd_mesh.stndmesh
 []


Overfull \hbox (32.30222pt too wide) in paragraph at lines 26--28
[]\T1/txtt/m/n/10 __init__() \T1/qtm/m/n/10 (\T1/qtm/m/it/10 nir-fasterff.lib.n
irfasterff_cpu.ConvergenceInfoCPU
 []


Overfull \hbox (37.85222pt too wide) in paragraph at lines 28--30
[]\T1/txtt/m/n/10 __init__() \T1/qtm/m/n/10 (\T1/qtm/m/it/10 nir-fasterff.lib.n
irfasterff_cuda.ConvergenceInfoGPU
 []


Underfull \hbox (badness 10000) in paragraph at lines 33--35
[]\T1/txtt/m/n/10 __init__() \T1/qtm/m/n/10 (\T1/qtm/m/it/10 nir-fasterff.utils
.MeshingParams2D
 []


Underfull \hbox (badness 10000) in paragraph at lines 35--36
[]\T1/txtt/m/n/10 __init__() \T1/qtm/m/n/10 (\T1/qtm/m/it/10 nir-fasterff.utils
.SolverOptions method\T1/qtm/m/n/10 ),
 []


Underfull \hbox (badness 10000) in paragraph at lines 56--57
[]\T1/txtt/m/n/10 boundfaces() \T1/qtm/m/n/10 (\T1/qtm/m/it/10 in mod-ule nir-
 []


Underfull \hbox (badness 10000) in paragraph at lines 65--67
[]\T1/txtt/m/n/10 change_prop() \T1/qtm/m/n/10 (\T1/qtm/m/it/10 nir-fasterff.ba
se.dcs_mesh.dcsmesh
 []


Underfull \hbox (badness 10000) in paragraph at lines 67--69
[]\T1/txtt/m/n/10 change_prop() \T1/qtm/m/n/10 (\T1/qtm/m/it/10 nir-fasterff.ba
se.fluor_mesh.fluormesh
 []


Underfull \hbox (badness 10000) in paragraph at lines 69--71
[]\T1/txtt/m/n/10 change_prop() \T1/qtm/m/n/10 (\T1/qtm/m/it/10 nir-fasterff.ba
se.stnd_mesh.stndmesh
 []


Underfull \hbox (badness 10000) in paragraph at lines 73--75
[]\T1/txtt/m/n/10 check_facearea() \T1/qtm/m/n/10 (\T1/qtm/m/it/10 in mod-ule n
ir-
 []


Underfull \hbox (badness 10000) in paragraph at lines 75--77
[]\T1/txtt/m/n/10 check_tetrahedron_faces() \T1/qtm/m/n/10 (\T1/qtm/m/it/10 in 
mod-ule nir-
 []


Underfull \hbox (badness 10000) in paragraph at lines 78--79
[]\T1/txtt/m/n/10 CheckMesh2D() \T1/qtm/m/n/10 (\T1/qtm/m/it/10 in mod-ule nir-

 []


Underfull \hbox (badness 10000) in paragraph at lines 79--80
[]\T1/txtt/m/n/10 CheckMesh3D() \T1/qtm/m/n/10 (\T1/qtm/m/it/10 in mod-ule nir-

 []


Underfull \hbox (badness 10000) in paragraph at lines 80--82
[]\T1/txtt/m/n/10 checkmesh3d_solid() \T1/qtm/m/n/10 (\T1/qtm/m/it/10 in mod-ul
e nir-
 []


Underfull \hbox (badness 10000) in paragraph at lines 82--84
[]\T1/txtt/m/n/10 checkmesh3d_surface() \T1/qtm/m/n/10 (\T1/qtm/m/it/10 in mod-
ule nir-
 []

[127

]
Underfull \hbox (badness 10000) in paragraph at lines 90--92
[]\T1/txtt/m/n/10 ConvergenceInfoCPU \T1/qtm/m/n/10 (\T1/qtm/m/it/10 class in n
ir-
 []


Underfull \hbox (badness 10000) in paragraph at lines 92--94
[]\T1/txtt/m/n/10 ConvergenceInfoGPU \T1/qtm/m/n/10 (\T1/qtm/m/it/10 class in n
ir-
 []


Underfull \hbox (badness 6961) in paragraph at lines 103--104
[]\T1/txtt/m/n/10 divergence \T1/qtm/m/n/10 (\T1/qtm/m/it/10 nir-fasterff.utils
.SolverOptions at-tribute\T1/qtm/m/n/10 ),
 []


Underfull \hbox (badness 10000) in paragraph at lines 110--112
[]\T1/txtt/m/n/10 element_area \T1/qtm/m/n/10 (\T1/qtm/m/it/10 nir-fasterff.bas
e.fluor_mesh.fluormesh
 []


Underfull \hbox (badness 10000) in paragraph at lines 115--117
[]\T1/txtt/m/n/10 elements \T1/qtm/m/n/10 (\T1/qtm/m/it/10 nir-fasterff.base.fl
uor_mesh.fluormesh at-
 []


Underfull \hbox (badness 10000) in paragraph at lines 117--119
[]\T1/txtt/m/n/10 elements \T1/qtm/m/n/10 (\T1/qtm/m/it/10 nir-fasterff.base.st
nd_mesh.stndmesh at-
 []


Underfull \hbox (badness 10000) in paragraph at lines 123--125
[]\T1/txtt/m/n/10 facet_angle \T1/qtm/m/n/10 (\T1/qtm/m/it/10 nir-fasterff.util
s.MeshingParams at-
 []


Underfull \hbox (badness 7133) in paragraph at lines 125--127
[]\T1/txtt/m/n/10 facet_distance \T1/qtm/m/n/10 (\T1/qtm/m/it/10 nir-fasterff.u
tils.MeshingParams at-
 []


Underfull \hbox (badness 10000) in paragraph at lines 130--132
[]\T1/txtt/m/n/10 femdata() \T1/qtm/m/n/10 (\T1/qtm/m/it/10 nir-fasterff.base.f
luor_mesh.fluormesh
 []


Underfull \hbox (badness 10000) in paragraph at lines 132--133
[]\T1/txtt/m/n/10 femdata() \T1/qtm/m/n/10 (\T1/qtm/m/it/10 nir-fasterff.base.s
tnd_mesh.stndmesh
 []


Underfull \hbox (badness 10000) in paragraph at lines 134--136
[]\T1/txtt/m/n/10 femdata_fl_CW() \T1/qtm/m/n/10 (\T1/qtm/m/it/10 in mod-ule ni
r-
 []


Underfull \hbox (badness 10000) in paragraph at lines 136--138
[]\T1/txtt/m/n/10 femdata_fl_FD() \T1/qtm/m/n/10 (\T1/qtm/m/it/10 in mod-ule ni
r-
 []


Underfull \hbox (badness 10000) in paragraph at lines 138--140
[]\T1/txtt/m/n/10 femdata_fl_TR() \T1/qtm/m/n/10 (\T1/qtm/m/it/10 in mod-ule ni
r-
 []


Underfull \hbox (badness 10000) in paragraph at lines 140--142
[]\T1/txtt/m/n/10 femdata_fl_TR_moments() \T1/qtm/m/n/10 (\T1/qtm/m/it/10 in mo
d-ule nir-
 []


Underfull \hbox (badness 10000) in paragraph at lines 142--144
[]\T1/txtt/m/n/10 femdata_moments() \T1/qtm/m/n/10 (\T1/qtm/m/it/10 nir-
 []


Underfull \hbox (badness 10000) in paragraph at lines 142--144
\T1/qtm/m/it/10 fasterff.base.fluor_mesh.fluormesh method\T1/qtm/m/n/10 ),
 []


Underfull \hbox (badness 10000) in paragraph at lines 144--146
[]\T1/txtt/m/n/10 femdata_moments() \T1/qtm/m/n/10 (\T1/qtm/m/it/10 nir-
 []


Underfull \hbox (badness 10000) in paragraph at lines 144--146
\T1/qtm/m/it/10 fasterff.base.stnd_mesh.stndmesh method\T1/qtm/m/n/10 ),
 []


Underfull \hbox (badness 10000) in paragraph at lines 146--148
[]\T1/txtt/m/n/10 femdata_stnd_CW() \T1/qtm/m/n/10 (\T1/qtm/m/it/10 in mod-ule 
nir-
 []


Underfull \hbox (badness 10000) in paragraph at lines 148--150
[]\T1/txtt/m/n/10 femdata_stnd_FD() \T1/qtm/m/n/10 (\T1/qtm/m/it/10 in mod-ule 
nir-
 []


Underfull \hbox (badness 10000) in paragraph at lines 150--152
[]\T1/txtt/m/n/10 femdata_stnd_TR() \T1/qtm/m/n/10 (\T1/qtm/m/it/10 in mod-ule 
nir-
 []


Underfull \hbox (badness 10000) in paragraph at lines 152--154
[]\T1/txtt/m/n/10 femdata_stnd_TR_moments() \T1/qtm/m/n/10 (\T1/qtm/m/it/10 in 
mod-ule nir-
 []


Underfull \hbox (badness 10000) in paragraph at lines 156--158
[]\T1/txtt/m/n/10 femdata_tpsf() \T1/qtm/m/n/10 (\T1/qtm/m/it/10 nir-fasterff.b
ase.stnd_mesh.stndmesh
 []


Underfull \hbox (badness 10000) in paragraph at lines 163--164
[]\T1/txtt/m/n/10 from_copy() \T1/qtm/m/n/10 (\T1/qtm/m/it/10 nir-fasterff.base
.dcs_mesh.dcsmesh
 []


Underfull \hbox (badness 10000) in paragraph at lines 164--166
[]\T1/txtt/m/n/10 from_copy() \T1/qtm/m/n/10 (\T1/qtm/m/it/10 nir-fasterff.base
.fluor_mesh.fluormesh
 []


Underfull \hbox (badness 10000) in paragraph at lines 166--168
[]\T1/txtt/m/n/10 from_copy() \T1/qtm/m/n/10 (\T1/qtm/m/it/10 nir-fasterff.base
.stnd_mesh.stndmesh
 []


Underfull \hbox (badness 10000) in paragraph at lines 168--169
[]\T1/txtt/m/n/10 from_file() \T1/qtm/m/n/10 (\T1/qtm/m/it/10 nir-fasterff.base
.dcs_mesh.dcsmesh
 []


Underfull \hbox (badness 10000) in paragraph at lines 169--171
[]\T1/txtt/m/n/10 from_file() \T1/qtm/m/n/10 (\T1/qtm/m/it/10 nir-fasterff.base
.fluor_mesh.fluormesh
 []


Underfull \hbox (badness 10000) in paragraph at lines 171--173
[]\T1/txtt/m/n/10 from_file() \T1/qtm/m/n/10 (\T1/qtm/m/it/10 nir-fasterff.base
.stnd_mesh.stndmesh
 []


Underfull \hbox (badness 10000) in paragraph at lines 173--175
[]\T1/txtt/m/n/10 from_image() \T1/qtm/m/n/10 (\T1/qtm/m/it/10 nir-fasterff.bas
e.dcs_mesh.dcsmesh
 []


Underfull \hbox (badness 10000) in paragraph at lines 175--177
[]\T1/txtt/m/n/10 from_image() \T1/qtm/m/n/10 (\T1/qtm/m/it/10 nir-fasterff.bas
e.fluor_mesh.fluormesh
 []


Underfull \hbox (badness 10000) in paragraph at lines 177--179
[]\T1/txtt/m/n/10 from_image() \T1/qtm/m/n/10 (\T1/qtm/m/it/10 nir-fasterff.bas
e.stnd_mesh.stndmesh
 []


Underfull \hbox (badness 10000) in paragraph at lines 179--180
[]\T1/txtt/m/n/10 from_mat() \T1/qtm/m/n/10 (\T1/qtm/m/it/10 nir-fasterff.base.
dcs_mesh.dcsmesh
 []


Underfull \hbox (badness 10000) in paragraph at lines 180--182
[]\T1/txtt/m/n/10 from_mat() \T1/qtm/m/n/10 (\T1/qtm/m/it/10 nir-fasterff.base.
fluor_mesh.fluormesh
 []

[128]
Underfull \hbox (badness 10000) in paragraph at lines 182--184
[]\T1/txtt/m/n/10 from_mat() \T1/qtm/m/n/10 (\T1/qtm/m/it/10 nir-fasterff.base.
stnd_mesh.stndmesh
 []


Underfull \hbox (badness 10000) in paragraph at lines 184--186
[]\T1/txtt/m/n/10 from_solid() \T1/qtm/m/n/10 (\T1/qtm/m/it/10 nir-fasterff.bas
e.dcs_mesh.dcsmesh
 []


Underfull \hbox (badness 10000) in paragraph at lines 186--188
[]\T1/txtt/m/n/10 from_solid() \T1/qtm/m/n/10 (\T1/qtm/m/it/10 nir-fasterff.bas
e.fluor_mesh.fluormesh
 []


Underfull \hbox (badness 10000) in paragraph at lines 188--190
[]\T1/txtt/m/n/10 from_solid() \T1/qtm/m/n/10 (\T1/qtm/m/it/10 nir-fasterff.bas
e.stnd_mesh.stndmesh
 []


Underfull \hbox (badness 10000) in paragraph at lines 190--192
[]\T1/txtt/m/n/10 from_triangle() \T1/qtm/m/n/10 (\T1/qtm/m/it/10 nir-fasterff.
base.dcs_mesh.dcsmesh
 []


Underfull \hbox (badness 10000) in paragraph at lines 192--194
[]\T1/txtt/m/n/10 from_triangle() \T1/qtm/m/n/10 (\T1/qtm/m/it/10 nir-
 []


Underfull \hbox (badness 10000) in paragraph at lines 192--194
\T1/qtm/m/it/10 fasterff.base.fluor_mesh.fluormesh method\T1/qtm/m/n/10 ),
 []


Underfull \hbox (badness 10000) in paragraph at lines 196--198
[]\T1/txtt/m/n/10 from_volume() \T1/qtm/m/n/10 (\T1/qtm/m/it/10 nir-fasterff.ba
se.dcs_mesh.dcsmesh
 []


Underfull \hbox (badness 10000) in paragraph at lines 198--200
[]\T1/txtt/m/n/10 from_volume() \T1/qtm/m/n/10 (\T1/qtm/m/it/10 nir-fasterff.ba
se.fluor_mesh.fluormesh
 []


Underfull \hbox (badness 10000) in paragraph at lines 200--202
[]\T1/txtt/m/n/10 from_volume() \T1/qtm/m/n/10 (\T1/qtm/m/it/10 nir-fasterff.ba
se.stnd_mesh.stndmesh
 []


Underfull \hbox (badness 10000) in paragraph at lines 207--209
[]\T1/txtt/m/n/10 gen_intmat() \T1/qtm/m/n/10 (\T1/qtm/m/it/10 nir-fasterff.bas
e.dcs_mesh.dcsmesh
 []


Underfull \hbox (badness 10000) in paragraph at lines 209--211
[]\T1/txtt/m/n/10 gen_intmat() \T1/qtm/m/n/10 (\T1/qtm/m/it/10 nir-fasterff.bas
e.fluor_mesh.fluormesh
 []


Underfull \hbox (badness 10000) in paragraph at lines 212--214
[]\T1/txtt/m/n/10 gen_intmat() \T1/qtm/m/n/10 (\T1/qtm/m/it/10 nir-fasterff.bas
e.stnd_mesh.stndmesh
 []


Underfull \hbox (badness 10000) in paragraph at lines 215--217
[]\T1/txtt/m/n/10 gen_mass_matrix() \T1/qtm/m/n/10 (\T1/qtm/m/it/10 in mod-ule 
nir-
 []


Underfull \hbox (badness 10000) in paragraph at lines 217--219
[]\T1/txtt/m/n/10 gen_mass_matrix() \T1/qtm/m/n/10 (\T1/qtm/m/it/10 in mod-ule 
nir-
 []


Underfull \hbox (badness 10000) in paragraph at lines 220--222
[]\T1/txtt/m/n/10 gen_source_fl() \T1/qtm/m/n/10 (\T1/qtm/m/it/10 in mod-ule ni
r-
 []


Underfull \hbox (badness 10000) in paragraph at lines 222--224
[]\T1/txtt/m/n/10 gen_source_fl() \T1/qtm/m/n/10 (\T1/qtm/m/it/10 in mod-ule ni
r-
 []


Underfull \hbox (badness 10000) in paragraph at lines 226--228
[]\T1/txtt/m/n/10 general_cell_size \T1/qtm/m/n/10 (\T1/qtm/m/it/10 nir-fasterf
f.utils.MeshingParams
 []


Underfull \hbox (badness 10000) in paragraph at lines 229--231
[]\T1/txtt/m/n/10 get_field_CW() \T1/qtm/m/n/10 (\T1/qtm/m/it/10 in mod-ule nir
-
 []


Underfull \hbox (badness 10000) in paragraph at lines 231--233
[]\T1/txtt/m/n/10 get_field_CW() \T1/qtm/m/n/10 (\T1/qtm/m/it/10 in mod-ule nir
-
 []


Underfull \hbox (badness 10000) in paragraph at lines 234--236
[]\T1/txtt/m/n/10 get_field_FD() \T1/qtm/m/n/10 (\T1/qtm/m/it/10 in mod-ule nir
-
 []


Underfull \hbox (badness 10000) in paragraph at lines 236--238
[]\T1/txtt/m/n/10 get_field_FD() \T1/qtm/m/n/10 (\T1/qtm/m/it/10 in mod-ule nir
-
 []


Underfull \hbox (badness 10000) in paragraph at lines 239--241
[]\T1/txtt/m/n/10 get_field_TR() \T1/qtm/m/n/10 (\T1/qtm/m/it/10 in mod-ule nir
-
 []


Underfull \hbox (badness 10000) in paragraph at lines 241--243
[]\T1/txtt/m/n/10 get_field_TR() \T1/qtm/m/n/10 (\T1/qtm/m/it/10 in mod-ule nir
-
 []


Underfull \hbox (badness 10000) in paragraph at lines 245--247
[]\T1/txtt/m/n/10 get_field_TR_moments() \T1/qtm/m/n/10 (\T1/qtm/m/it/10 in mod
-ule nir-
 []


Underfull \hbox (badness 10000) in paragraph at lines 247--249
[]\T1/txtt/m/n/10 get_field_TR_moments() \T1/qtm/m/n/10 (\T1/qtm/m/it/10 in mod
-ule nir-
 []


Underfull \hbox (badness 10000) in paragraph at lines 249--251
[]\T1/txtt/m/n/10 get_field_TRFL() \T1/qtm/m/n/10 (\T1/qtm/m/it/10 in mod-ule n
ir-
 []


Underfull \hbox (badness 10000) in paragraph at lines 251--253
[]\T1/txtt/m/n/10 get_field_TRFL() \T1/qtm/m/n/10 (\T1/qtm/m/it/10 in mod-ule n
ir-
 []


Underfull \hbox (badness 10000) in paragraph at lines 254--256
[]\T1/txtt/m/n/10 get_field_TRFL_moments() \T1/qtm/m/n/10 (\T1/qtm/m/it/10 in m
od-ule nir-
 []


Underfull \hbox (badness 10000) in paragraph at lines 256--258
[]\T1/txtt/m/n/10 get_field_TRFL_moments() \T1/qtm/m/n/10 (\T1/qtm/m/it/10 in m
od-ule nir-
 []


Underfull \hbox (badness 10000) in paragraph at lines 258--259
[]\T1/txtt/m/n/10 get_field_TRFLmoments() \T1/qtm/m/n/10 (\T1/qtm/m/it/10 in mo
d-ule nir-
 []


Underfull \hbox (badness 10000) in paragraph at lines 263--265
[]\T1/txtt/m/n/10 gradientIntfunc() \T1/qtm/m/n/10 (\T1/qtm/m/it/10 in mod-ule 
nir-
 []


Underfull \hbox (badness 10000) in paragraph at lines 265--267
[]\T1/txtt/m/n/10 gradientIntfunc2() \T1/qtm/m/n/10 (\T1/qtm/m/it/10 in mod-ule
 nir-
 []


Underfull \hbox (badness 10000) in paragraph at lines 274--276
[]\T1/txtt/m/n/10 IntGradGrid() \T1/qtm/m/n/10 (\T1/qtm/m/it/10 in mod-ule nir-

 []


Underfull \hbox (badness 10000) in paragraph at lines 277--279
[]\T1/txtt/m/n/10 isConverged \T1/qtm/m/n/10 (\T1/qtm/m/it/10 nir-fasterff.util
s.ConvergenceInfo at-
 []


Underfull \hbox (badness 10000) in paragraph at lines 279--281
[]\T1/txtt/m/n/10 isConvergedToAbsoluteTolerance \T1/qtm/m/n/10 (\T1/qtm/m/it/1
0 nir-
 []


Underfull \hbox (badness 10000) in paragraph at lines 279--281
\T1/qtm/m/it/10 fasterff.utils.ConvergenceInfo at-tribute\T1/qtm/m/n/10 ),
 []

[129]
Underfull \hbox (badness 10000) in paragraph at lines 287--288
[]\T1/txtt/m/n/10 isvol() \T1/qtm/m/n/10 (\T1/qtm/m/it/10 nir-fasterff.base.dat
a.flTRMomentsdata
 []


Underfull \hbox (badness 10000) in paragraph at lines 298--299
[]\T1/txtt/m/n/10 jacobian() \T1/qtm/m/n/10 (\T1/qtm/m/it/10 nir-fasterff.base.
dcs_mesh.dcsmesh
 []


Underfull \hbox (badness 10000) in paragraph at lines 299--301
[]\T1/txtt/m/n/10 jacobian() \T1/qtm/m/n/10 (\T1/qtm/m/it/10 nir-fasterff.base.
fluor_mesh.fluormesh
 []


Underfull \hbox (badness 10000) in paragraph at lines 301--302
[]\T1/txtt/m/n/10 jacobian() \T1/qtm/m/n/10 (\T1/qtm/m/it/10 nir-fasterff.base.
stnd_mesh.stndmesh
 []


Underfull \hbox (badness 10000) in paragraph at lines 332--334
[]\T1/txtt/m/n/10 lloyd_smooth \T1/qtm/m/n/10 (\T1/qtm/m/it/10 nir-fasterff.uti
ls.MeshingParams at-
 []


Underfull \hbox (badness 10000) in paragraph at lines 344--346
[]\T1/txtt/m/n/10 mesh_support() \T1/qtm/m/n/10 (\T1/qtm/m/it/10 in mod-ule nir
-
 []


Underfull \hbox (badness 10000) in paragraph at lines 375--376
[]\T1/txtt/m/n/10 moments \T1/qtm/m/n/10 (\T1/qtm/m/it/10 nir-fasterff.base.dat
a.TRMomentsdata at-
 []


Underfull \hbox (badness 10000) in paragraph at lines 378--380
[]\T1/txtt/m/n/10 momentsx \T1/qtm/m/n/10 (\T1/qtm/m/it/10 nir-fasterff.base.da
ta.flTRMomentsdata
 []


Underfull \hbox (badness 10000) in paragraph at lines 380--382
[]\T1/txtt/m/n/10 move_detectors() \T1/qtm/m/n/10 (\T1/qtm/m/it/10 nir-fasterff
.base.optodes.optode
 []


Underfull \hbox (badness 10000) in paragraph at lines 382--383
[]\T1/txtt/m/n/10 move_sources() \T1/qtm/m/n/10 (\T1/qtm/m/it/10 nir-fasterff.b
ase.optodes.optode
 []

[130]
Underfull \hbox (badness 10000) in paragraph at lines 444--445
[]\T1/txtt/m/n/10 nntogrid() \T1/qtm/m/n/10 (\T1/qtm/m/it/10 nir-fasterff.base.
dcs_mesh.dcsmesh
 []


Underfull \hbox (badness 10000) in paragraph at lines 445--447
[]\T1/txtt/m/n/10 nntogrid() \T1/qtm/m/n/10 (\T1/qtm/m/it/10 nir-fasterff.base.
fluor_mesh.fluormesh
 []


Underfull \hbox (badness 10000) in paragraph at lines 448--449
[]\T1/txtt/m/n/10 nntogrid() \T1/qtm/m/n/10 (\T1/qtm/m/it/10 nir-fasterff.base.
stnd_mesh.stndmesh
 []


Underfull \hbox (badness 10000) in paragraph at lines 457--458
[]\T1/txtt/m/n/10 offset \T1/qtm/m/n/10 (\T1/qtm/m/it/10 nir-fasterff.utils.Mes
hingParams2D at-tribute\T1/qtm/m/n/10 ),
 []


Underfull \hbox (badness 5696) in paragraph at lines 481--482
[]\T1/txtt/m/n/10 plot() \T1/qtm/m/n/10 (\T1/qtm/m/it/10 nir-fasterff.base.stnd
_mesh.stndmesh method\T1/qtm/m/n/10 ),
 []


Underfull \hbox (badness 10000) in paragraph at lines 487--489
[]\T1/txtt/m/n/10 plotvol() \T1/qtm/m/n/10 (\T1/qtm/m/it/10 nir-fasterff.base.f
luor_mesh.fluormesh
 []

[131]
Underfull \hbox (badness 10000) in paragraph at lines 490--491
[]\T1/txtt/m/n/10 plotvol() \T1/qtm/m/n/10 (\T1/qtm/m/it/10 nir-fasterff.base.s
tnd_mesh.stndmesh
 []


Underfull \hbox (badness 10000) in paragraph at lines 492--494
[]\T1/txtt/m/n/10 pointLocation() \T1/qtm/m/n/10 (\T1/qtm/m/it/10 in mod-ule ni
r-
 []


Underfull \hbox (badness 10000) in paragraph at lines 495--496
[]\T1/txtt/m/n/10 pointTriangleDistance() \T1/qtm/m/n/10 (\T1/qtm/m/it/10 in mo
d-ule nir-
 []


Underfull \hbox (badness 10000) in paragraph at lines 499--501
[]\T1/txtt/m/n/10 quality_triangle_radius() \T1/qtm/m/n/10 (\T1/qtm/m/it/10 in 
mod-ule nir-
 []


Underfull \hbox (badness 5985) in paragraph at lines 512--513
[]\T1/txtt/m/n/10 residual \T1/qtm/m/n/10 (\T1/qtm/m/it/10 nir-fasterff.utils.C
onvergenceInfo at-tribute\T1/qtm/m/n/10 ),
 []


Underfull \hbox (badness 10000) in paragraph at lines 516--518
[]\T1/txtt/m/n/10 RunCGALMeshGenerator() \T1/qtm/m/n/10 (\T1/qtm/m/it/10 in mod
-ule nir-
 []


Underfull \hbox (badness 10000) in paragraph at lines 521--523
[]\T1/txtt/m/n/10 save_nirfast() \T1/qtm/m/n/10 (\T1/qtm/m/it/10 nir-fasterff.b
ase.dcs_mesh.dcsmesh
 []


Underfull \hbox (badness 10000) in paragraph at lines 525--527
[]\T1/txtt/m/n/10 save_nirfast() \T1/qtm/m/n/10 (\T1/qtm/m/it/10 nir-fasterff.b
ase.stnd_mesh.stndmesh
 []


Underfull \hbox (badness 10000) in paragraph at lines 528--530
[]\T1/txtt/m/n/10 semi_infinite_CW() \T1/qtm/m/n/10 (\T1/qtm/m/it/10 in mod-ule
 nir-
 []


Underfull \hbox (badness 10000) in paragraph at lines 530--532
[]\T1/txtt/m/n/10 semi_infinite_DCS() \T1/qtm/m/n/10 (\T1/qtm/m/it/10 in mod-ul
e nir-
 []


Underfull \hbox (badness 10000) in paragraph at lines 532--534
[]\T1/txtt/m/n/10 semi_infinite_FD() \T1/qtm/m/n/10 (\T1/qtm/m/it/10 in mod-ule
 nir-
 []


Underfull \hbox (badness 10000) in paragraph at lines 534--536
[]\T1/txtt/m/n/10 semi_infinite_TR() \T1/qtm/m/n/10 (\T1/qtm/m/it/10 in mod-ule
 nir-
 []


Underfull \hbox (badness 10000) in paragraph at lines 536--537
[]\T1/txtt/m/n/10 set_prop() \T1/qtm/m/n/10 (\T1/qtm/m/it/10 nir-fasterff.base.
dcs_mesh.dcsmesh
 []


Underfull \hbox (badness 10000) in paragraph at lines 537--539
[]\T1/txtt/m/n/10 set_prop() \T1/qtm/m/n/10 (\T1/qtm/m/it/10 nir-fasterff.base.
fluor_mesh.fluormesh
 []


Underfull \hbox (badness 10000) in paragraph at lines 539--541
[]\T1/txtt/m/n/10 set_prop() \T1/qtm/m/n/10 (\T1/qtm/m/it/10 nir-fasterff.base.
stnd_mesh.stndmesh
 []


Underfull \hbox (badness 7133) in paragraph at lines 542--544
[]\T1/txtt/m/n/10 SliceThickness \T1/qtm/m/n/10 (\T1/qtm/m/it/10 nir-fasterff.u
tils.MeshingParams at-
 []


Underfull \hbox (badness 10000) in paragraph at lines 552--554
[]\T1/txtt/m/n/10 support \T1/qtm/m/n/10 (\T1/qtm/m/it/10 nir-fasterff.base.flu
or_mesh.fluormesh at-
 []


Underfull \hbox (badness 10000) in paragraph at lines 567--568
[]\T1/txtt/m/n/10 togrid() \T1/qtm/m/n/10 (\T1/qtm/m/it/10 nir-fasterff.base.da
ta.flTRMomentsdata
 []


Underfull \hbox (badness 10000) in paragraph at lines 569--570
[]\T1/txtt/m/n/10 togrid() \T1/qtm/m/n/10 (\T1/qtm/m/it/10 nir-fasterff.base.da
ta.TRMomentsdata
 []


Underfull \hbox (badness 10000) in paragraph at lines 574--575
[]\T1/txtt/m/n/10 tomesh() \T1/qtm/m/n/10 (\T1/qtm/m/it/10 nir-fasterff.base.da
ta.flTRMomentsdata
 []


Underfull \hbox (badness 10000) in paragraph at lines 576--577
[]\T1/txtt/m/n/10 tomesh() \T1/qtm/m/n/10 (\T1/qtm/m/it/10 nir-fasterff.base.da
ta.TRMomentsdata
 []


Underfull \hbox (badness 10000) in paragraph at lines 577--579
[]\T1/txtt/m/n/10 touch_detectors() \T1/qtm/m/n/10 (\T1/qtm/m/it/10 nir-fasterf
f.base.optodes.optode
 []


Underfull \hbox (badness 10000) in paragraph at lines 579--581
[]\T1/txtt/m/n/10 touch_optodes() \T1/qtm/m/n/10 (\T1/qtm/m/it/10 nir-fasterff.
base.dcs_mesh.dcsmesh
 []


Underfull \hbox (badness 10000) in paragraph at lines 581--583
[]\T1/txtt/m/n/10 touch_optodes() \T1/qtm/m/n/10 (\T1/qtm/m/it/10 nir-
 []


Underfull \hbox (badness 10000) in paragraph at lines 581--583
\T1/qtm/m/it/10 fasterff.base.fluor_mesh.fluormesh method\T1/qtm/m/n/10 ),
 []

[132]
Underfull \hbox (badness 10000) in paragraph at lines 586--588
[]\T1/txtt/m/n/10 touch_sources() \T1/qtm/m/n/10 (\T1/qtm/m/it/10 nir-fasterff.
base.optodes.optode
 []


Underfull \hbox (badness 10000) in paragraph at lines 602--604
[]\T1/txtt/m/n/10 vector_vector_angle() \T1/qtm/m/n/10 (\T1/qtm/m/it/10 in mod-
ule nir-
 []


Underfull \hbox (badness 10000) in paragraph at lines 614--615
[]\T1/txtt/m/n/10 voxelize() \T1/qtm/m/n/10 (\T1/qtm/m/it/10 nir-fasterff.base.
dcs_mesh.dcsmesh
 []


Underfull \hbox (badness 10000) in paragraph at lines 615--617
[]\T1/txtt/m/n/10 voxelize() \T1/qtm/m/n/10 (\T1/qtm/m/it/10 nir-fasterff.base.
fluor_mesh.fluormesh
 []


Underfull \hbox (badness 10000) in paragraph at lines 618--619
[]\T1/txtt/m/n/10 voxelize() \T1/qtm/m/n/10 (\T1/qtm/m/it/10 nir-fasterff.base.
stnd_mesh.stndmesh
 []


Underfull \hbox (badness 10000) in paragraph at lines 627--629
[]\T1/txtt/m/n/10 xPixelSpacing \T1/qtm/m/n/10 (\T1/qtm/m/it/10 nir-fasterff.ut
ils.MeshingParams at-
 []


Underfull \hbox (badness 10000) in paragraph at lines 633--635
[]\T1/txtt/m/n/10 yPixelSpacing \T1/qtm/m/n/10 (\T1/qtm/m/it/10 nir-fasterff.ut
ils.MeshingParams at-
 []

[133

]) (./nirfasterff.aux)
 ***********
LaTeX2e <2023-11-01> patch level 1
L3 programming layer <2024-01-22>
 ***********
Package rerunfilecheck Info: File `nirfasterff.out' has not changed.
(rerunfilecheck)             Checksum: 585CD7DD6C7B83589EC7847294C218BC;32863.
 ) 
Here is how much of TeX's memory you used:
 18399 strings out of 476182
 350571 string characters out of 5795596
 1981975 words of memory out of 5000000
 39302 multiletter control sequences out of 15000+600000
 613045 words of font info for 83 fonts, out of 8000000 for 9000
 15 hyphenation exceptions out of 8191
 72i,12n,83p,3015b,857s stack positions out of 10000i,1000n,20000p,200000b,200000s
</usr/share/texlive/texmf-dist/fonts/type1/public/amsfonts/cm/cmmi10.pfb></us
r/share/texlive/texmf-dist/fonts/type1/public/amsfonts/cm/cmmi5.pfb></usr/share
/texlive/texmf-dist/fonts/type1/public/amsfonts/cm/cmmi7.pfb></usr/share/texliv
e/texmf-dist/fonts/type1/public/amsfonts/cm/cmr10.pfb></usr/share/texlive/texmf
-dist/fonts/type1/public/amsfonts/cm/cmr7.pfb></usr/share/texlive/texmf-dist/fo
nts/type1/public/amsfonts/cm/cmsy10.pfb></usr/share/texlive/texmf-dist/fonts/ty
pe1/public/amsfonts/cm/cmsy5.pfb></usr/share/texlive/texmf-dist/fonts/type1/pub
lic/amsfonts/cm/cmsy7.pfb></usr/share/texmf/fonts/type1/public/tex-gyre/qhvb.pf
b></usr/share/texmf/fonts/type1/public/tex-gyre/qhvbi.pfb></usr/share/texmf/fon
ts/type1/public/tex-gyre/qhvr.pfb></usr/share/texmf/fonts/type1/public/tex-gyre
/qtmb.pfb></usr/share/texmf/fonts/type1/public/tex-gyre/qtmr.pfb></usr/share/te
xmf/fonts/type1/public/tex-gyre/qtmri.pfb></usr/share/texlive/texmf-dist/fonts/
type1/public/txfonts/t1xbtt.pfb></usr/share/texlive/texmf-dist/fonts/type1/publ
ic/txfonts/t1xtt.pfb></usr/share/texlive/texmf-dist/fonts/type1/public/txfonts/
t1xtt.pfb></usr/share/texlive/texmf-dist/fonts/type1/public/txfonts/tcxtt.pfb><
/usr/share/texlive/texmf-dist/fonts/type1/urw/times/utmr8a.pfb>
Output written on nirfasterff.pdf (137 pages, 586382 bytes).
PDF statistics:
 2782 PDF objects out of 2984 (max. 8388607)
 2588 compressed objects within 26 object streams
 712 named destinations out of 1000 (max. 500000)
 1101 words of extra memory for PDF output out of 10000 (max. 10000000)

